This is pdfTeX, Version 3.14159265-2.6-1.40.21 (TeX Live 2020/Debian) (preloaded format=pdflatex 2020.11.17)  23 MAR 2021 02:23
entering extended mode
 restricted \write18 enabled.
 %&-line parsing enabled.
**refman.tex
(./refman.tex
LaTeX2e <2020-02-02> patch level 5
L3 programming layer <2020-07-17>
(/usr/share/texlive/texmf-dist/tex/latex/base/article.cls
Document Class: article 2019/12/20 v1.4l Standard LaTeX document class
(/usr/share/texlive/texmf-dist/tex/latex/base/size10.clo
File: size10.clo 2019/12/20 v1.4l Standard LaTeX file (size option)
)
\c@part=\count168
\c@section=\count169
\c@subsection=\count170
\c@subsubsection=\count171
\c@paragraph=\count172
\c@subparagraph=\count173
\c@figure=\count174
\c@table=\count175
\abovecaptionskip=\skip47
\belowcaptionskip=\skip48
\bibindent=\dimen134
)
(/usr/share/texlive/texmf-dist/tex/latex/base/ifthen.sty
Package: ifthen 2014/09/29 v1.1c Standard LaTeX ifthen package (DPC)
)
(/usr/share/texlive/texmf-dist/tex/latex/tools/array.sty
Rollback for package 'array' requested -> date 2016-10-06.
         Best approximation is the release introduced on 2016-10-06.

(/usr/share/texlive/texmf-dist/tex/latex/tools/array-2016-10-06.sty
Package: array 2016/10/06 v2.4d Tabular extension package (FMi)
\col@sep=\dimen135
\extrarowheight=\dimen136
\NC@list=\toks15
\extratabsurround=\skip49
\backup@length=\skip50
))
(/usr/share/texlive/texmf-dist/tex/latex/base/fixltx2e.sty
Package: fixltx2e 2016/12/29 v2.1a fixes to LaTeX (obsolete)
Applying: [2015/01/01] Old fixltx2e package on input line 46.


Package fixltx2e Warning: fixltx2e is not required with releases after 2015
(fixltx2e)                All fixes are now in the LaTeX kernel.
(fixltx2e)                See the latexrelease package for details.

Already applied: [0000/00/00] Old fixltx2e package on input line 53.
) (/usr/share/texlive/texmf-dist/tex/latex/tools/calc.sty
Package: calc 2017/05/25 v4.3 Infix arithmetic (KKT,FJ)
\calc@Acount=\count176
\calc@Bcount=\count177
\calc@Adimen=\dimen137
\calc@Bdimen=\dimen138
\calc@Askip=\skip51
\calc@Bskip=\skip52
LaTeX Info: Redefining \setlength on input line 80.
LaTeX Info: Redefining \addtolength on input line 81.
\calc@Ccount=\count178
\calc@Cskip=\skip53
) (./doxygen.sty
Package: doxygen 

(/usr/share/texlive/texmf-dist/tex/latex/base/alltt.sty
Package: alltt 1997/06/16 v2.0g defines alltt environment
)
(/usr/share/texlive/texmf-dist/tex/latex/float/float.sty
Package: float 2001/11/08 v1.3d Float enhancements (AL)
\c@float@type=\count179
\float@exts=\toks16
\float@box=\box45
\@float@everytoks=\toks17
\@floatcapt=\box46
)
(/usr/share/texlive/texmf-dist/tex/latex/tools/verbatim.sty
Package: verbatim 2019/11/10 v1.5r LaTeX2e package for verbatim enhancements
\every@verbatim=\toks18
\verbatim@line=\toks19
\verbatim@in@stream=\read2
)
(/usr/share/texlive/texmf-dist/tex/latex/xcolor/xcolor.sty
Package: xcolor 2016/05/11 v2.12 LaTeX color extensions (UK)

(/usr/share/texlive/texmf-dist/tex/latex/graphics-cfg/color.cfg
File: color.cfg 2016/01/02 v1.6 sample color configuration
)
Package xcolor Info: Driver file: pdftex.def on input line 225.

(/usr/share/texlive/texmf-dist/tex/latex/graphics-def/pdftex.def
File: pdftex.def 2018/01/08 v1.0l Graphics/color driver for pdftex
)
(/usr/share/texlive/texmf-dist/tex/latex/colortbl/colortbl.sty
Package: colortbl 2020/01/04 v1.0e Color table columns (DPC)
\everycr=\toks20
\minrowclearance=\skip54
)
\rownum=\count180
Package xcolor Info: Model `cmy' substituted by `cmy0' on input line 1348.
Package xcolor Info: Model `hsb' substituted by `rgb' on input line 1352.
Package xcolor Info: Model `RGB' extended on input line 1364.
Package xcolor Info: Model `HTML' substituted by `rgb' on input line 1366.
Package xcolor Info: Model `Hsb' substituted by `hsb' on input line 1367.
Package xcolor Info: Model `tHsb' substituted by `hsb' on input line 1368.
Package xcolor Info: Model `HSB' substituted by `hsb' on input line 1369.
Package xcolor Info: Model `Gray' substituted by `gray' on input line 1370.
Package xcolor Info: Model `wave' substituted by `hsb' on input line 1371.
)
(./longtable_doxygen.sty
Package: longtable_doxygen 2014/10/28 v4.11 Multi-page Table package (DPC) - fr
ozen version for doxygen
\LTleft=\skip55
\LTright=\skip56
\LTpre=\skip57
\LTpost=\skip58
\LTchunksize=\count181
\LTcapwidth=\dimen139
\LT@head=\box47
\LT@firsthead=\box48
\LT@foot=\box49
\LT@lastfoot=\box50
\LT@cols=\count182
\LT@rows=\count183
\c@LT@tables=\count184
\c@LT@chunks=\count185
\LT@p@ftn=\toks21
) (./tabu_doxygen.sty
Package: tabu_doxygen 2011/02/26 v2.8 - flexible LaTeX tabulars (FC), frozen ve
rsion for doxygen

(/home/kingfisher/texmf/tex/latex/varwidth/varwidth.sty
Package: varwidth 2009/03/30 ver 0.92;  Variable-width minipages
\@vwid@box=\box51
\sift@deathcycles=\count186
\@vwid@loff=\dimen140
\@vwid@roff=\dimen141
)
\c@taburow=\count187
\tabu@nbcols=\count188
\tabu@cnt=\count189
\tabu@Xcol=\count190
\tabu@alloc=\count191
\tabu@nested=\count192
\tabu@target=\dimen142
\tabu@spreadtarget=\dimen143
\tabu@naturalX=\dimen144
\tabucolX=\dimen145
\tabu@Xsum=\dimen146
\extrarowdepth=\dimen147
\abovetabulinesep=\dimen148
\belowtabulinesep=\dimen149
\tabustrutrule=\dimen150
\tabu@thebody=\toks22
\tabu@footnotes=\toks23
\tabu@box=\box52
\tabu@arstrutbox=\box53
\tabu@hleads=\box54
\tabu@vleads=\box55
\tabu@cellskip=\skip59
)
(/usr/share/texlive/texmf-dist/tex/latex/fancyvrb/fancyvrb.sty
Package: fancyvrb 2020/05/03 v3.6 verbatim text (tvz,hv)

(/usr/share/texlive/texmf-dist/tex/latex/graphics/keyval.sty
Package: keyval 2014/10/28 v1.15 key=value parser (DPC)
\KV@toks@=\toks24
)
\FV@CodeLineNo=\count193
\FV@InFile=\read3
\FV@TabBox=\box56
\c@FancyVerbLine=\count194
\FV@StepNumber=\count195
\FV@OutFile=\write3
)
(/usr/share/texlive/texmf-dist/tex/latex/tools/tabularx.sty
Package: tabularx 2020/01/15 v2.11c `tabularx' package (DPC)
\TX@col@width=\dimen151
\TX@old@table=\dimen152
\TX@old@col=\dimen153
\TX@target=\dimen154
\TX@delta=\dimen155
\TX@cols=\count196
\TX@ftn=\toks25
)
(/home/kingfisher/texmf/tex/latex/multirow/multirow.sty
Package: multirow 2021/03/15 v2.8 Span multiple rows of a table
\multirow@colwidth=\skip60
\multirow@cntb=\count197
\multirow@dima=\skip61
\bigstrutjot=\dimen156
)
(/home/kingfisher/texmf/tex/latex/hanging/hanging.sty
Package: hanging 2009/09/02 v1.2b hanging paragraphs and punctuation
\h@ngcommawd=\skip62
\h@ngfstopwd=\skip63
\h@ngquotewd=\skip64
\h@ngdquotewd=\skip65
\h@ngquerywd=\skip66
\h@ngexclwd=\skip67
\h@ngcolonwd=\skip68
\h@ngscolonwd=\skip69
)
(/usr/share/texlive/texmf-dist/tex/generic/iftex/ifpdf.sty
Package: ifpdf 2019/10/25 v3.4 ifpdf legacy package. Use iftex instead.

(/usr/share/texlive/texmf-dist/tex/generic/iftex/iftex.sty
Package: iftex 2020/03/06 v1.0d TeX engine tests
))
(/home/kingfisher/texmf/tex/latex/adjustbox/adjustbox.sty
Package: adjustbox 2020/08/19 v1.3 Adjusting TeX boxes (trim, clip, ...)

(/usr/share/texlive/texmf-dist/tex/latex/xkeyval/xkeyval.sty
Package: xkeyval 2014/12/03 v2.7a package option processing (HA)

(/usr/share/texlive/texmf-dist/tex/generic/xkeyval/xkeyval.tex
(/usr/share/texlive/texmf-dist/tex/generic/xkeyval/xkvutils.tex
\XKV@toks=\toks26
\XKV@tempa@toks=\toks27
)
\XKV@depth=\count198
File: xkeyval.tex 2014/12/03 v2.7a key=value parser (HA)
))
(/home/kingfisher/texmf/tex/latex/adjustbox/adjcalc.sty
Package: adjcalc 2012/05/16 v1.1 Provides advanced setlength with multiple back
-ends (calc, etex, pgfmath)
)
(/home/kingfisher/texmf/tex/latex/adjustbox/trimclip.sty
Package: trimclip 2020/08/19 v1.2 Trim and clip general TeX material

(/usr/share/texlive/texmf-dist/tex/latex/graphics/graphicx.sty
Package: graphicx 2019/11/30 v1.2a Enhanced LaTeX Graphics (DPC,SPQR)

(/usr/share/texlive/texmf-dist/tex/latex/graphics/graphics.sty
Package: graphics 2019/11/30 v1.4a Standard LaTeX Graphics (DPC,SPQR)

(/usr/share/texlive/texmf-dist/tex/latex/graphics/trig.sty
Package: trig 2016/01/03 v1.10 sin cos tan (DPC)
)
(/usr/share/texlive/texmf-dist/tex/latex/graphics-cfg/graphics.cfg
File: graphics.cfg 2016/06/04 v1.11 sample graphics configuration
)
Package graphics Info: Driver file: pdftex.def on input line 105.
)
\Gin@req@height=\dimen157
\Gin@req@width=\dimen158
)
(/home/kingfisher/texmf/tex/latex/collectbox/collectbox.sty
Package: collectbox 2012/05/17 v0.4b Collect macro arguments as boxes
\collectedbox=\box57
)
\tc@llx=\dimen159
\tc@lly=\dimen160
\tc@urx=\dimen161
\tc@ury=\dimen162
Package trimclip Info: Using driver 'tc-pdftex.def'.

(/home/kingfisher/texmf/tex/latex/adjustbox/tc-pdftex.def
File: tc-pdftex.def 2019/01/04 v2.2 Clipping driver for pdftex
))
\adjbox@Width=\dimen163
\adjbox@Height=\dimen164
\adjbox@Depth=\dimen165
\adjbox@Totalheight=\dimen166
\adjbox@pwidth=\dimen167
\adjbox@pheight=\dimen168
\adjbox@pdepth=\dimen169
\adjbox@ptotalheight=\dimen170
)
(/usr/share/texlive/texmf-dist/tex/latex/amsfonts/amssymb.sty
Package: amssymb 2013/01/14 v3.01 AMS font symbols

(/usr/share/texlive/texmf-dist/tex/latex/amsfonts/amsfonts.sty
Package: amsfonts 2013/01/14 v3.01 Basic AMSFonts support
\@emptytoks=\toks28
\symAMSa=\mathgroup4
\symAMSb=\mathgroup5
LaTeX Font Info:    Redeclaring math symbol \hbar on input line 98.
LaTeX Font Info:    Overwriting math alphabet `\mathfrak' in version `bold'
(Font)                  U/euf/m/n --> U/euf/b/n on input line 106.
))
(/home/kingfisher/texmf/tex/latex/stackengine/stackengine.sty
Package: stackengine 2017/02/13 v4.01\ Stacking text and objects in convenient 
ways

(/usr/share/texlive/texmf-dist/tex/latex/etoolbox/etoolbox.sty
Package: etoolbox 2020/07/15 v2.5i e-TeX tools for LaTeX (JAW)
\etb@tempcnta=\count199
)
(/home/kingfisher/texmf/tex/generic/listofitems/listofitems.sty
(/home/kingfisher/texmf/tex/generic/listofitems/listofitems.tex
\loi_cnt_foreach_nest=\count266
\loi_nestcnt=\count267
)
Package: listofitems 2019/08/21 v1.63 Grab items in lists using user-specified 
sep char (CT)
)
\c@@stackindex=\count268
\@boxshift=\skip70
\stack@tmplength=\skip71
\temp@stkl=\skip72
\@stackedboxwidth=\skip73
\@addedbox=\box58
\@anchorbox=\box59
\stackedbox=\box60
\@centerbox=\box61
\c@ROWcellindex@=\count269
)
(/home/kingfisher/texmf/tex/generic/ulem/ulem.sty
\UL@box=\box62
\UL@hyphenbox=\box63
\UL@skip=\skip74
\UL@hook=\toks29
\UL@height=\dimen171
\UL@pe=\count270
\UL@pixel=\dimen172
\ULC@box=\box64
Package: ulem 2019/11/18
\ULdepth=\dimen173
)
\xrefbox=\box65
\xreflength=\skip75
\CodeWidthChar=\skip76
\CodeHeightChar=\skip77
\DoxyCodeWidth=\skip78
)
(/usr/share/texlive/texmf-dist/tex/latex/base/inputenc.sty
Package: inputenc 2018/08/11 v1.3c Input encoding file
\inpenc@prehook=\toks30
\inpenc@posthook=\toks31
)
(/usr/share/texlive/texmf-dist/tex/latex/base/makeidx.sty
Package: makeidx 2014/09/29 v1.0m Standard LaTeX package
)
(/usr/share/texlive/texmf-dist/tex/latex/tools/multicol.sty
Package: multicol 2019/12/09 v1.8y multicolumn formatting (FMi)
\c@tracingmulticols=\count271
\mult@box=\box66
\multicol@leftmargin=\dimen174
\c@unbalance=\count272
\c@collectmore=\count273
\doublecol@number=\count274
\multicoltolerance=\count275
\multicolpretolerance=\count276
\full@width=\dimen175
\page@free=\dimen176
\premulticols=\dimen177
\postmulticols=\dimen178
\multicolsep=\skip79
\multicolbaselineskip=\skip80
\partial@page=\box67
\last@line=\box68
\maxbalancingoverflow=\dimen179
\mult@rightbox=\box69
\mult@grightbox=\box70
\mult@gfirstbox=\box71
\mult@firstbox=\box72
\@tempa=\box73
\@tempa=\box74
\@tempa=\box75
\@tempa=\box76
\@tempa=\box77
\@tempa=\box78
\@tempa=\box79
\@tempa=\box80
\@tempa=\box81
\@tempa=\box82
\@tempa=\box83
\@tempa=\box84
\@tempa=\box85
\@tempa=\box86
\@tempa=\box87
\@tempa=\box88
\@tempa=\box89
\@tempa=\box90
\@tempa=\box91
\@tempa=\box92
\@tempa=\box93
\@tempa=\box94
\@tempa=\box95
\@tempa=\box96
\@tempa=\box97
\@tempa=\box98
\@tempa=\box99
\@tempa=\box100
\@tempa=\box101
\@tempa=\box102
\@tempa=\box103
\@tempa=\box104
\@tempa=\box105
\@tempa=\box106
\@tempa=\box107
\@tempa=\box108
\@tempa=\box109
\c@minrows=\count277
\c@columnbadness=\count278
\c@finalcolumnbadness=\count279
\last@try=\dimen180
\multicolovershoot=\dimen181
\multicolundershoot=\dimen182
\mult@nat@firstbox=\box110
\colbreak@box=\box111
\mc@col@check@num=\count280
)
(/usr/share/texlive/texmf-dist/tex/latex/base/textcomp.sty
Package: textcomp 2020/02/02 v2.0n Standard LaTeX package
)
(/usr/share/texlive/texmf-dist/tex/latex/wasysym/wasysym.sty
Package: wasysym 2020/01/19 v2.4 Wasy-2 symbol support package
\symwasy=\mathgroup6
LaTeX Font Info:    Overwriting symbol font `wasy' in version `bold'
(Font)                  U/wasy/m/n --> U/wasy/b/n on input line 93.
)
(/usr/share/texlive/texmf-dist/tex/generic/iftex/ifxetex.sty
Package: ifxetex 2019/10/25 v0.7 ifxetex legacy package. Use iftex instead.
)
(/usr/share/texlive/texmf-dist/tex/latex/base/fontenc.sty
Package: fontenc 2020/02/11 v2.0o Standard LaTeX package
)
(/usr/share/texlive/texmf-dist/tex/latex/psnfss/helvet.sty
Package: helvet 2020/03/25 PSNFSS-v9.3 (WaS) 
)
(/usr/share/texlive/texmf-dist/tex/latex/psnfss/courier.sty
Package: courier 2020/03/25 PSNFSS-v9.3 (WaS) 
)
(/home/kingfisher/texmf/tex/latex/sectsty/sectsty.sty
Package: sectsty 2002/02/25 v2.0.2 Commands to change all sectional heading sty
les


LaTeX Warning: Command \underbar  has changed.
               Check if current package is valid.


LaTeX Warning: Command \underline  has changed.
               Check if current package is valid.

) (/usr/share/texlive/texmf-dist/tex/latex/geometry/geometry.sty
Package: geometry 2020/01/02 v5.9 Page Geometry

(/usr/share/texlive/texmf-dist/tex/generic/iftex/ifvtex.sty
Package: ifvtex 2019/10/25 v1.7 ifvtex legacy package. Use iftex instead.
)
\Gm@cnth=\count281
\Gm@cntv=\count282
\c@Gm@tempcnt=\count283
\Gm@bindingoffset=\dimen183
\Gm@wd@mp=\dimen184
\Gm@odd@mp=\dimen185
\Gm@even@mp=\dimen186
\Gm@layoutwidth=\dimen187
\Gm@layoutheight=\dimen188
\Gm@layouthoffset=\dimen189
\Gm@layoutvoffset=\dimen190
\Gm@dimlist=\toks32
)
(/usr/share/texlive/texmf-dist/tex/latex/fancyhdr/fancyhdr.sty
Package: fancyhdr 2019/01/31 v3.10 Extensive control of page headers and footer
s
\f@nch@headwidth=\skip81
\f@nch@O@elh=\skip82
\f@nch@O@erh=\skip83
\f@nch@O@olh=\skip84
\f@nch@O@orh=\skip85
\f@nch@O@elf=\skip86
\f@nch@O@erf=\skip87
\f@nch@O@olf=\skip88
\f@nch@O@orf=\skip89
)
(/usr/share/texlive/texmf-dist/tex/latex/natbib/natbib.sty
Package: natbib 2010/09/13 8.31b (PWD, AO)
\bibhang=\skip90
\bibsep=\skip91
LaTeX Info: Redefining \cite on input line 694.
\c@NAT@ctr=\count284
)
(/home/kingfisher/texmf/tex/latex/tocloft/tocloft.sty
Package: tocloft 2017/08/31 v2.3i parameterised ToC, etc., typesetting
Package tocloft Info: The document has section divisions on input line 51.
\cftparskip=\skip92
\cftbeforetoctitleskip=\skip93
\cftaftertoctitleskip=\skip94
\cftbeforepartskip=\skip95
\cftpartnumwidth=\skip96
\cftpartindent=\skip97
\cftbeforesecskip=\skip98
\cftsecindent=\skip99
\cftsecnumwidth=\skip100
\cftbeforesubsecskip=\skip101
\cftsubsecindent=\skip102
\cftsubsecnumwidth=\skip103
\cftbeforesubsubsecskip=\skip104
\cftsubsubsecindent=\skip105
\cftsubsubsecnumwidth=\skip106
\cftbeforeparaskip=\skip107
\cftparaindent=\skip108
\cftparanumwidth=\skip109
\cftbeforesubparaskip=\skip110
\cftsubparaindent=\skip111
\cftsubparanumwidth=\skip112
\cftbeforeloftitleskip=\skip113
\cftafterloftitleskip=\skip114
\cftbeforefigskip=\skip115
\cftfigindent=\skip116
\cftfignumwidth=\skip117
\c@lofdepth=\count285
\c@lotdepth=\count286
\cftbeforelottitleskip=\skip118
\cftafterlottitleskip=\skip119
\cftbeforetabskip=\skip120
\cfttabindent=\skip121
\cfttabnumwidth=\skip122
)
\@indexfile=\write4
\openout4 = `refman.idx'.


Writing index file refman.idx
(/home/kingfisher/texmf/tex/latex/amsmath/amsmath.sty
Package: amsmath 2020/09/23 v2.17i AMS math features
\@mathmargin=\skip123

For additional information on amsmath, use the `?' option.
(/home/kingfisher/texmf/tex/latex/amsmath/amstext.sty
Package: amstext 2000/06/29 v2.01 AMS text

(/home/kingfisher/texmf/tex/latex/amsmath/amsgen.sty
File: amsgen.sty 1999/11/30 v2.0 generic functions
\@emptytoks=\toks33
\ex@=\dimen191
))
(/home/kingfisher/texmf/tex/latex/amsmath/amsbsy.sty
Package: amsbsy 1999/11/29 v1.2d Bold Symbols
\pmbraise@=\dimen192
)
(/home/kingfisher/texmf/tex/latex/amsmath/amsopn.sty
Package: amsopn 2016/03/08 v2.02 operator names
)
\inf@bad=\count287
LaTeX Info: Redefining \frac on input line 234.
\uproot@=\count288
\leftroot@=\count289
LaTeX Info: Redefining \overline on input line 399.
\classnum@=\count290
\DOTSCASE@=\count291
LaTeX Info: Redefining \ldots on input line 496.
LaTeX Info: Redefining \dots on input line 499.
LaTeX Info: Redefining \cdots on input line 620.
\Mathstrutbox@=\box112
\strutbox@=\box113
\big@size=\dimen193
LaTeX Font Info:    Redeclaring font encoding OML on input line 743.
LaTeX Font Info:    Redeclaring font encoding OMS on input line 744.
\macc@depth=\count292
\c@MaxMatrixCols=\count293
\dotsspace@=\muskip16
\c@parentequation=\count294
\dspbrk@lvl=\count295
\tag@help=\toks34
\row@=\count296
\column@=\count297
\maxfields@=\count298
\andhelp@=\toks35
\eqnshift@=\dimen194
\alignsep@=\dimen195
\tagshift@=\dimen196
\tagwidth@=\dimen197
\totwidth@=\dimen198
\lineht@=\dimen199
\@envbody=\toks36
\multlinegap=\skip124
\multlinetaggap=\skip125
\mathdisplay@stack=\toks37
LaTeX Info: Redefining \[ on input line 2923.
LaTeX Info: Redefining \] on input line 2924.
)
(/home/kingfisher/texmf/tex/latex/newunicodechar/newunicodechar.sty
Package: newunicodechar 2018/04/08 v1.2 Defining Unicode characters
)

Package newunicodechar Warning: Redefining Unicode character on input line 116.



Package newunicodechar Warning: Redefining Unicode character on input line 117.


(/usr/share/texlive/texmf-dist/tex/latex/hyperref/hyperref.sty
Package: hyperref 2020-05-15 v7.00e Hypertext links for LaTeX

(/usr/share/texlive/texmf-dist/tex/generic/ltxcmds/ltxcmds.sty
Package: ltxcmds 2019/12/15 v1.24 LaTeX kernel commands for general use (HO)
)
(/usr/share/texlive/texmf-dist/tex/generic/pdftexcmds/pdftexcmds.sty
Package: pdftexcmds 2020-06-27 v0.33 Utility functions of pdfTeX for LuaTeX (HO
)

(/usr/share/texlive/texmf-dist/tex/generic/infwarerr/infwarerr.sty
Package: infwarerr 2019/12/03 v1.5 Providing info/warning/error messages (HO)
)
Package pdftexcmds Info: \pdf@primitive is available.
Package pdftexcmds Info: \pdf@ifprimitive is available.
Package pdftexcmds Info: \pdfdraftmode found.
)
(/usr/share/texlive/texmf-dist/tex/generic/kvsetkeys/kvsetkeys.sty
Package: kvsetkeys 2019/12/15 v1.18 Key value parser (HO)
)
(/usr/share/texlive/texmf-dist/tex/generic/kvdefinekeys/kvdefinekeys.sty
Package: kvdefinekeys 2019-12-19 v1.6 Define keys (HO)
)
(/usr/share/texlive/texmf-dist/tex/generic/pdfescape/pdfescape.sty
Package: pdfescape 2019/12/09 v1.15 Implements pdfTeX's escape features (HO)
)
(/usr/share/texlive/texmf-dist/tex/latex/hycolor/hycolor.sty
Package: hycolor 2020-01-27 v1.10 Color options for hyperref/bookmark (HO)
)
(/usr/share/texlive/texmf-dist/tex/latex/letltxmacro/letltxmacro.sty
Package: letltxmacro 2019/12/03 v1.6 Let assignment for LaTeX macros (HO)
)
(/usr/share/texlive/texmf-dist/tex/latex/auxhook/auxhook.sty
Package: auxhook 2019-12-17 v1.6 Hooks for auxiliary files (HO)
)
(/usr/share/texlive/texmf-dist/tex/latex/kvoptions/kvoptions.sty
Package: kvoptions 2019/11/29 v3.13 Key value format for package options (HO)
)
\@linkdim=\dimen256
\Hy@linkcounter=\count299
\Hy@pagecounter=\count300

(/usr/share/texlive/texmf-dist/tex/latex/hyperref/pd1enc.def
File: pd1enc.def 2020-05-15 v7.00e Hyperref: PDFDocEncoding definition (HO)
Now handling font encoding PD1 ...
... no UTF-8 mapping file for font encoding PD1
)
(/usr/share/texlive/texmf-dist/tex/generic/intcalc/intcalc.sty
Package: intcalc 2019/12/15 v1.3 Expandable calculations with integers (HO)
)
(/usr/share/texlive/texmf-dist/tex/generic/etexcmds/etexcmds.sty
Package: etexcmds 2019/12/15 v1.7 Avoid name clashes with e-TeX commands (HO)
)
\Hy@SavedSpaceFactor=\count301
Package hyperref Info: Hyper figures OFF on input line 4464.
Package hyperref Info: Link nesting OFF on input line 4469.
Package hyperref Info: Hyper index ON on input line 4472.
Package hyperref Info: Plain pages OFF on input line 4479.
Package hyperref Info: Backreferencing ON on input line 4482.
Package hyperref Info: Implicit mode ON; LaTeX internals redefined.
Package hyperref Info: Bookmarks ON on input line 4717.

(/usr/share/texlive/texmf-dist/tex/latex/hyperref/backref.sty
Package: backref 2020/01/14 v1.40 Bibliographical back referencing

(/usr/share/texlive/texmf-dist/tex/latex/rerunfilecheck/rerunfilecheck.sty
Package: rerunfilecheck 2019/12/05 v1.9 Rerun checks for auxiliary files (HO)

(/usr/share/texlive/texmf-dist/tex/latex/atveryend/atveryend.sty
Package: atveryend 2019-12-11 v1.11 Hooks at the very end of document (HO)
)
(/usr/share/texlive/texmf-dist/tex/generic/uniquecounter/uniquecounter.sty
Package: uniquecounter 2019/12/15 v1.4 Provide unlimited unique counter (HO)

(/usr/share/texlive/texmf-dist/tex/generic/bigintcalc/bigintcalc.sty
Package: bigintcalc 2019/12/15 v1.5 Expandable calculations on big integers (HO
)
))
Package uniquecounter Info: New unique counter `rerunfilecheck' on input line 2
86.
))
\c@Hy@tempcnt=\count302

(/usr/share/texlive/texmf-dist/tex/latex/url/url.sty
\Urlmuskip=\muskip17
Package: url 2013/09/16  ver 3.4  Verb mode for urls, etc.
)
LaTeX Info: Redefining \url on input line 5076.
\XeTeXLinkMargin=\dimen257

(/usr/share/texlive/texmf-dist/tex/generic/bitset/bitset.sty
Package: bitset 2019/12/09 v1.3 Handle bit-vector datatype (HO)
)
\Fld@menulength=\count303
\Field@Width=\dimen258
\Fld@charsize=\dimen259
Package hyperref Info: Hyper figures OFF on input line 6347.
Package hyperref Info: Link nesting OFF on input line 6352.
Package hyperref Info: Hyper index ON on input line 6355.
Package hyperref Info: backreferencing ON on input line 6360.
Package hyperref Info: Link coloring OFF on input line 6367.
Package hyperref Info: Link coloring with OCG OFF on input line 6372.
Package hyperref Info: PDF/A mode OFF on input line 6377.
LaTeX Info: Redefining \ref on input line 6417.
LaTeX Info: Redefining \pageref on input line 6421.

(/usr/share/texlive/texmf-dist/tex/generic/atbegshi/atbegshi.sty
Package: atbegshi 2019/12/05 v1.19 At begin shipout hook (HO)
)
\Hy@abspage=\count304
\c@Item=\count305
\c@Hfootnote=\count306
)
Package hyperref Info: Driver: hpdftex.

(/usr/share/texlive/texmf-dist/tex/latex/hyperref/hpdftex.def
File: hpdftex.def 2020-05-15 v7.00e Hyperref driver for pdfTeX
\Fld@listcount=\count307
\c@bookmark@seq@number=\count308
\Hy@SectionHShift=\skip126
)
Package hyperref Info: Option `colorlinks' set `true' on input line 135.
Package hyperref Info: Option `unicode' set `true' on input line 135.

(/usr/share/texlive/texmf-dist/tex/latex/hyperref/puenc.def
File: puenc.def 2020-05-15 v7.00e Hyperref: PDF Unicode definition (HO)
Now handling font encoding PU ...
... no UTF-8 mapping file for font encoding PU
)
(/usr/share/texlive/texmf-dist/tex/latex/caption/caption.sty
Package: caption 2020/05/30 v3.4k Customizing captions (AR)

(/usr/share/texlive/texmf-dist/tex/latex/caption/caption3.sty
Package: caption3 2020/07/20 v1.12b caption3 kernel (AR)
Package caption3 Info: TeX engine: e-TeX on input line 61.
\captionmargin=\dimen260
\captionmargin@=\dimen261
\captionwidth=\dimen262
\caption@tempdima=\dimen263
\caption@indent=\dimen264
\caption@parindent=\dimen265
\caption@hangindent=\dimen266
Package caption Info: Standard document class detected.
)
\c@caption@flags=\count309
\c@continuedfloat=\count310
Package caption Info: float package is loaded.
Package caption Info: hyperref package is loaded.
Package caption Info: longtable package is loaded.

(/usr/share/texlive/texmf-dist/tex/latex/caption/ltcaption.sty
Package: ltcaption 2020/05/30 v1.4b longtable captions (AR)
))
(/home/kingfisher/texmf/tex/latex/etoc/etoc.sty
Package: etoc 2020/05/15 v1.09c Completely customisable TOCs (JFB)
\Etoc@toctoks=\toks38
\c@etoc@tocid=\count311
\c@etoc@tocdepth=\count312
\etoc@framed@titlebox=\box114
\etoc@framed@contentsbox=\box115
)
(/usr/share/texlive/texmf-dist/tex/latex/l3backend/l3backend-pdfmode.def
File: l3backend-pdfmode.def 2020-06-29 L3 backend support: PDF mode
\l__kernel_color_stack_int=\count313
\l__pdf_internal_box=\box116
)
(./refman.aux)
\openout1 = `refman.aux'.

LaTeX Font Info:    Checking defaults for OML/cmm/m/it on input line 150.
LaTeX Font Info:    ... okay on input line 150.
LaTeX Font Info:    Checking defaults for OMS/cmsy/m/n on input line 150.
LaTeX Font Info:    ... okay on input line 150.
LaTeX Font Info:    Checking defaults for OT1/cmr/m/n on input line 150.
LaTeX Font Info:    ... okay on input line 150.
LaTeX Font Info:    Checking defaults for T1/cmr/m/n on input line 150.
LaTeX Font Info:    ... okay on input line 150.
LaTeX Font Info:    Checking defaults for TS1/cmr/m/n on input line 150.
LaTeX Font Info:    ... okay on input line 150.
LaTeX Font Info:    Checking defaults for OMX/cmex/m/n on input line 150.
LaTeX Font Info:    ... okay on input line 150.
LaTeX Font Info:    Checking defaults for U/cmr/m/n on input line 150.
LaTeX Font Info:    ... okay on input line 150.
LaTeX Font Info:    Checking defaults for PD1/pdf/m/n on input line 150.
LaTeX Font Info:    ... okay on input line 150.
LaTeX Font Info:    Checking defaults for PU/pdf/m/n on input line 150.
LaTeX Font Info:    ... okay on input line 150.
LaTeX Font Info:    Trying to load font information for T1+phv on input line 15
0.
 (/usr/share/texlive/texmf-dist/tex/latex/psnfss/t1phv.fd
File: t1phv.fd 2020/03/25 scalable font definitions for T1/phv.
)
LaTeX Font Info:    Font shape `T1/phv/m/n' will be
(Font)              scaled to size 8.99994pt on input line 150.

(/usr/share/texlive/texmf-dist/tex/context/base/mkii/supp-pdf.mkii
[Loading MPS to PDF converter (version 2006.09.02).]
\scratchcounter=\count314
\scratchdimen=\dimen267
\scratchbox=\box117
\nofMPsegments=\count315
\nofMParguments=\count316
\everyMPshowfont=\toks39
\MPscratchCnt=\count317
\MPscratchDim=\dimen268
\MPnumerator=\count318
\makeMPintoPDFobject=\count319
\everyMPtoPDFconversion=\toks40
) (/usr/share/texlive/texmf-dist/tex/latex/epstopdf-pkg/epstopdf-base.sty
Package: epstopdf-base 2020-01-24 v2.11 Base part for package epstopdf
Package epstopdf-base Info: Redefining graphics rule for `.eps' on input line 4
85.

(/usr/share/texlive/texmf-dist/tex/latex/latexconfig/epstopdf-sys.cfg
File: epstopdf-sys.cfg 2010/07/13 v1.3 Configuration of (r)epstopdf for TeX Liv
e
))
*geometry* driver: auto-detecting
*geometry* detected driver: pdftex
*geometry* verbose mode - [ preamble ] result:
* driver: pdftex
* paper: a4paper
* layout: <same size as paper>
* layoutoffset:(h,v)=(0.0pt,0.0pt)
* modes: twoside 
* h-part:(L,W,R)=(71.13188pt, 455.24411pt, 71.13188pt)
* v-part:(T,H,B)=(71.13188pt, 702.78308pt, 71.13188pt)
* \paperwidth=597.50787pt
* \paperheight=845.04684pt
* \textwidth=455.24411pt
* \textheight=702.78308pt
* \oddsidemargin=-1.1381pt
* \evensidemargin=-1.1381pt
* \topmargin=-38.1381pt
* \headheight=12.0pt
* \headsep=25.0pt
* \topskip=10.0pt
* \footskip=30.0pt
* \marginparwidth=121.0pt
* \marginparsep=11.0pt
* \columnsep=10.0pt
* \skip\footins=9.0pt plus 4.0pt minus 2.0pt
* \hoffset=0.0pt
* \voffset=0.0pt
* \mag=1000
* \@twocolumnfalse
* \@twosidetrue
* \@mparswitchtrue
* \@reversemarginfalse
* (1in=72.27pt=25.4mm, 1cm=28.453pt)

Package backref Info: ** backref set up for natbib ** on input line 150.
\AtBeginShipoutBox=\box118
Package hyperref Info: Link coloring ON on input line 150.
(/usr/share/texlive/texmf-dist/tex/latex/hyperref/nameref.sty
Package: nameref 2019/09/16 v2.46 Cross-referencing by name of section

(/usr/share/texlive/texmf-dist/tex/latex/refcount/refcount.sty
Package: refcount 2019/12/15 v3.6 Data extraction from label references (HO)
)
(/usr/share/texlive/texmf-dist/tex/generic/gettitlestring/gettitlestring.sty
Package: gettitlestring 2019/12/15 v1.6 Cleanup title references (HO)
)
\c@section@level=\count320
)
LaTeX Info: Redefining \ref on input line 150.
LaTeX Info: Redefining \pageref on input line 150.
LaTeX Info: Redefining \nameref on input line 150.

(./refman.out) (./refman.out)
\@outlinefile=\write5
\openout5 = `refman.out'.

Package caption Info: Begin \AtBeginDocument code.
Package caption Info: End \AtBeginDocument code.
\Etoc@tf=\read4
Package hyperref Info: Option `pageanchor' set `false' on input line 156.
Package hyperref Info: Option `bookmarksnumbered' set `true' on input line 156.

Package hyperref Info: Option `unicode' set `true' on input line 156.
LaTeX Font Info:    Font shape `T1/phv/m/n' will be
(Font)              scaled to size 12.9599pt on input line 161.
LaTeX Font Info:    Font shape `T1/phv/m/n' will be
(Font)              scaled to size 10.79993pt on input line 161.
LaTeX Font Info:    Font shape `T1/phv/m/n' will be
(Font)              scaled to size 6.29996pt on input line 161.
LaTeX Font Info:    Trying to load font information for U+msa on input line 161
.

(/usr/share/texlive/texmf-dist/tex/latex/amsfonts/umsa.fd
File: umsa.fd 2013/01/14 v3.01 AMS symbols A
)
LaTeX Font Info:    Trying to load font information for U+msb on input line 161
.

(/usr/share/texlive/texmf-dist/tex/latex/amsfonts/umsb.fd
File: umsb.fd 2013/01/14 v3.01 AMS symbols B
)
LaTeX Font Info:    Trying to load font information for U+wasy on input line 16
1.

(/usr/share/texlive/texmf-dist/tex/latex/wasysym/uwasy.fd
File: uwasy.fd 2020/01/19 v2.4 Wasy-2 symbol font definitions
) [1

{/var/lib/texmf/fonts/map/pdftex/updmap/pdftex.map}]
\tf@toc=\write6
\openout6 = `refman.toc'.

LaTeX Font Info:    Font shape `T1/phv/b/n' will be
(Font)              scaled to size 8.99994pt on input line 168.
LaTeX Font Info:    Trying to load font information for TS1+phv on input line 1
68.

(/usr/share/texlive/texmf-dist/tex/latex/psnfss/ts1phv.fd
File: ts1phv.fd 2020/03/25 scalable font definitions for TS1/phv.
)
LaTeX Font Info:    Font shape `TS1/phv/m/n' will be
(Font)              scaled to size 8.99994pt on input line 168.
LaTeX Font Info:    Font shape `T1/phv/b/n' will be
(Font)              scaled to size 6.29996pt on input line 168.
 [1] [2]
Package hyperref Info: Option `pageanchor' set `true' on input line 169.
LaTeX Font Info:    Font shape `T1/phv/b/n' will be
(Font)              scaled to size 12.9599pt on input line 172.
 (./index.tex
LaTeX Font Info:    Font shape `T1/phv/b/n' will be
(Font)              scaled to size 10.79993pt on input line 1.
LaTeX Font Info:    Trying to load font information for T1+pcr on input line 2.

(/usr/share/texlive/texmf-dist/tex/latex/psnfss/t1pcr.fd
File: t1pcr.fd 2001/06/04 font definitions for T1/pcr.
) [1]) (./math.tex
LaTeX Font Info:    Font shape `TS1/phv/b/n' will be
(Font)              scaled to size 10.79993pt on input line 2.


Package amsmath Warning: Foreign command \atopwithdelims;
(amsmath)                \frac or \genfrac should be used instead
(amsmath)                 on input line 3.

[2]) (./use.tex
LaTeX Font Info:    Font shape `T1/phv/m/n' will be
(Font)              scaled to size 7.19995pt on input line 2.
LaTeX Font Info:    Font shape `TS1/phv/b/n' will be
(Font)              scaled to size 8.99994pt on input line 18.
 [3] [4]
Overfull \hbox (159.15628pt too wide) in paragraph at lines 61--61
[]\T1/pcr/m/n/8 SymmetricBasis<OrderedPolynomial<double, StandardVariables<>>, 
OrderedPolynomial<double, ElementarySymmetricVariables<>>> SB(2); 
 []


Overfull \hbox (31.63248pt too wide) in paragraph at lines 72--72
\T1/pcr/m/n/10 _[]in[]_[]x[]_[]var \T1/phv/m/n/10 we can use the \T1/pcr/m/n/10
 SB \T1/phv/m/n/10 from be-fore to trans-form it into a poly-no-mial on the []
 []


Overfull \hbox (44.9988pt too wide) in paragraph at lines 82--83
[]\T1/phv/m/n/10 The class [] al-lows us to trans-form poly-no-mi-als on $\OML/
cmm/m/it/10 x[]; y[]$ \T1/phv/m/n/10 vari-ables ([])
 []


Overfull \hbox (163.95628pt too wide) in paragraph at lines 87--87
[]\T1/pcr/m/n/8 TwistedChernBasis<UnorderedPolynomial<int, HalfIdempotentVariab
les<>>, UnorderedPolynomial<int, TwistedChernVariables<>>> TCB(2);[] 
 []


Overfull \hbox (231.15633pt too wide) in paragraph at lines 102--102
[]\T1/pcr/m/n/8 print_half_idempotent_relations<UnorderedPolynomial<int, HalfId
empotentVariables<>>, UnorderedPolynomial<int, TwistedChernVariables<>>>(3,1,1)
; 
 []

[5]
Overfull \hbox (288.75636pt too wide) in paragraph at lines 112--112
[]\T1/pcr/m/n/8 write_pontryagin_C2_in_terms_of_Chern_classes < UnorderedPolyno
mial<int, HalfIdempotentVariables<>>, UnorderedPolynomial<int, TwistedChernVari
ables<>>>(5); 
 []

) (./todo.tex
Underfull \hbox (badness 2088) in paragraph at lines 18--18
[]\T1/phv/b/n/10 Member [] (T p) const -$\OML/cmm/m/it/10 >$
 []

) (./namespaces.tex) [6] (./hierarchy.tex) (./annotated.tex [7]) (./files.tex
[8]) (./namespacesymmp.tex
LaTeX Font Info:    Font shape `T1/phv/m/n' will be
(Font)              scaled to size 8.09995pt on input line 12.
LaTeX Font Info:    Font shape `T1/phv/m/it' in size <9> not available
(Font)              Font shape `T1/phv/m/sl' tried instead on input line 12.
LaTeX Font Info:    Font shape `T1/phv/m/sl' will be
(Font)              scaled to size 8.09995pt on input line 12.
 [9]
LaTeX Font Info:    Font shape `T1/pcr/m/it' in size <9> not available
(Font)              Font shape `T1/pcr/m/sl' tried instead on input line 50.
LaTeX Font Info:    Font shape `T1/phv/m/it' in size <7> not available
(Font)              Font shape `T1/phv/m/sl' tried instead on input line 54.
LaTeX Font Info:    Font shape `T1/phv/m/sl' will be
(Font)              scaled to size 6.29996pt on input line 54.
 [10]
LaTeX Font Info:    Font shape `T1/pcr/m/it' in size <8> not available
(Font)              Font shape `T1/pcr/m/sl' tried instead on input line 104.

Underfull \hbox (badness 10000) detected at line 122
[][][]
 []

[11]
Underfull \hbox (badness 10000) detected at line 145
[][][]
 []


Underfull \hbox (badness 10000) detected at line 174
[][][]
 []

[12]
Underfull \hbox (badness 10000) detected at line 199
[][][]
 []


Underfull \hbox (badness 10000) in paragraph at lines 206--207
|  \T1/pcr/m/n/8 const []$\OML/cmm/m/it/8 <$ \T1/pcr/m/n/8 scl[]_[]t, exp[]_[]t
, container[]_[]t, container[]_[]is[]_[]ordered, Args... $\OML/cmm/m/it/8 >$ \T
1/pcr/m/n/8 & \T1/pcr/m/sl/8 a
 []

LaTeX Font Info:    Font shape `T1/pcr/m/it' in size <7> not available
(Font)              Font shape `T1/pcr/m/sl' tried instead on input line 216.
) (./structsymmp_1_1ArrayVectorWrapper.tex

Package hyperref Warning: Token not allowed in a PDF string (Unicode):
(hyperref)                removing `math shift' on input line 1.


Package hyperref Warning: Token not allowed in a PDF string (Unicode):
(hyperref)                removing `math shift' on input line 1.


Package hyperref Warning: Token not allowed in a PDF string (Unicode):
(hyperref)                removing `math shift' on input line 1.


Package hyperref Warning: Token not allowed in a PDF string (Unicode):
(hyperref)                removing `math shift' on input line 1.

 <./structsymmp_1_1ArrayVectorWrapper__inherit__graph.pdf

pdfTeX warning: pdflatex (file ./structsymmp_1_1ArrayVectorWrapper__inherit__gr
aph.pdf): PDF inclusion: multiple pdfs with page group included in a single pag
e
>
<structsymmp_1_1ArrayVectorWrapper__inherit__graph.pdf, id=855, 221.82875pt x 2
57.96375pt>
File: structsymmp_1_1ArrayVectorWrapper__inherit__graph.pdf Graphic file (type 
pdf)
<use structsymmp_1_1ArrayVectorWrapper__inherit__graph.pdf>
Package pdftex.def Info: structsymmp_1_1ArrayVectorWrapper__inherit__graph.pdf 
 used on input line 18.
(pdftex.def)             Requested size: 221.0pt x 256.99873pt.
 [13]
LaTeX Font Info:    Font shape `T1/phv/bc/n' will be
(Font)              scaled to size 6.29996pt on input line 25.
) (./classsymmp_1_1CombinationGenerator.tex

Package hyperref Warning: Token not allowed in a PDF string (Unicode):
(hyperref)                removing `math shift' on input line 1.


Package hyperref Warning: Token not allowed in a PDF string (Unicode):
(hyperref)                removing `math shift' on input line 1.


Package hyperref Warning: Token not allowed in a PDF string (Unicode):
(hyperref)                removing `math shift' on input line 1.


Package hyperref Warning: Token not allowed in a PDF string (Unicode):
(hyperref)                removing `math shift' on input line 1.

[14]
Underfull \hbox (badness 10000) detected at line 40
[][][]
 []

[15]
Underfull \hbox (badness 10000) detected at line 83
[][][]
 []


Underfull \hbox (badness 10000) detected at line 96
[][][]
 []


Underfull \hbox (badness 10000) detected at line 109
[][][]
 []

) (./classsymmp_1_1PermutationGenerator_1_1constIterator.tex

Package hyperref Warning: Token not allowed in a PDF string (Unicode):
(hyperref)                removing `math shift' on input line 1.


Package hyperref Warning: Token not allowed in a PDF string (Unicode):
(hyperref)                removing `math shift' on input line 1.


Package hyperref Warning: Token not allowed in a PDF string (Unicode):
(hyperref)                removing `math shift' on input line 1.


Package hyperref Warning: Token not allowed in a PDF string (Unicode):
(hyperref)                removing `math shift' on input line 1.

 <./classsymmp_1_1PermutationGenerator_1_1constIterator__inherit__graph.pdf

pdfTeX warning: pdflatex (file ./classsymmp_1_1PermutationGenerator_1_1constIte
rator__inherit__graph.pdf): PDF inclusion: multiple pdfs with page group includ
ed in a single page
>
<classsymmp_1_1PermutationGenerator_1_1constIterator__inherit__graph.pdf, id=90
9, 291.0875pt x 291.0875pt>
File: classsymmp_1_1PermutationGenerator_1_1constIterator__inherit__graph.pdf G
raphic file (type pdf)
<use classsymmp_1_1PermutationGenerator_1_1constIterator__inherit__graph.pdf>
Package pdftex.def Info: classsymmp_1_1PermutationGenerator_1_1constIterator__i
nherit__graph.pdf  used on input line 18.
(pdftex.def)             Requested size: 290.0pt x 290.02078pt.
 [16] <./classsymmp_1_1PermutationGenerator_1_1constIterator__coll__graph.pdf

pdfTeX warning: pdflatex (file ./classsymmp_1_1PermutationGenerator_1_1constIte
rator__coll__graph.pdf): PDF inclusion: multiple pdfs with page group included 
in a single page
>
<classsymmp_1_1PermutationGenerator_1_1constIterator__coll__graph.pdf, id=926, 
291.0875pt x 291.0875pt>
File: classsymmp_1_1PermutationGenerator_1_1constIterator__coll__graph.pdf Grap
hic file (type pdf)
<use classsymmp_1_1PermutationGenerator_1_1constIterator__coll__graph.pdf>
Package pdftex.def Info: classsymmp_1_1PermutationGenerator_1_1constIterator__c
oll__graph.pdf  used on input line 27.
(pdftex.def)             Requested size: 290.0pt x 290.02078pt.

Underfull \vbox (badness 10000) has occurred while \output is active []

 [17]
Underfull \hbox (badness 10000) detected at line 46
[][][]
 []


Underfull \hbox (badness 1430) in paragraph at lines 56--57
 \T1/phv/b/n/10 10.3.2.1 FactoryGenerator$\OML/cmm/m/it/10 <$ \T1/phv/b/n/10 Pe
r-mu-ta-tion-Gener-a-tor::constIterator, std::vector$\OML/cmm/m/it/10 <$ \T1/ph
v/b/n/10 T $\OML/cmm/m/it/10 >$ $>$[] \T1/pcr/m/n/8 friend class
 []

[18]) (./classsymmp_1_1CombinationGenerator_1_1constIterator.tex

Package hyperref Warning: Token not allowed in a PDF string (Unicode):
(hyperref)                removing `math shift' on input line 1.


Package hyperref Warning: Token not allowed in a PDF string (Unicode):
(hyperref)                removing `math shift' on input line 1.


Package hyperref Warning: Token not allowed in a PDF string (Unicode):
(hyperref)                removing `math shift' on input line 1.


Package hyperref Warning: Token not allowed in a PDF string (Unicode):
(hyperref)                removing `math shift' on input line 1.

 <./classsymmp_1_1CombinationGenerator_1_1constIterator__inherit__graph.pdf>
<classsymmp_1_1CombinationGenerator_1_1constIterator__inherit__graph.pdf, id=95
7, 254.9525pt x 189.70876pt>
File: classsymmp_1_1CombinationGenerator_1_1constIterator__inherit__graph.pdf G
raphic file (type pdf)
<use classsymmp_1_1CombinationGenerator_1_1constIterator__inherit__graph.pdf>
Package pdftex.def Info: classsymmp_1_1CombinationGenerator_1_1constIterator__i
nherit__graph.pdf  used on input line 18.
(pdftex.def)             Requested size: 254.0pt x 189.00775pt.
 <./classsymmp_1_1CombinationGenerator_1_1constIterator__coll__graph.pdf

pdfTeX warning: pdflatex (file ./classsymmp_1_1CombinationGenerator_1_1constIte
rator__coll__graph.pdf): PDF inclusion: multiple pdfs with page group included 
in a single page
>
<classsymmp_1_1CombinationGenerator_1_1constIterator__coll__graph.pdf, id=965, 
254.9525pt x 189.70876pt>
File: classsymmp_1_1CombinationGenerator_1_1constIterator__coll__graph.pdf Grap
hic file (type pdf)
<use classsymmp_1_1CombinationGenerator_1_1constIterator__coll__graph.pdf>
Package pdftex.def Info: classsymmp_1_1CombinationGenerator_1_1constIterator__c
oll__graph.pdf  used on input line 27.
(pdftex.def)             Requested size: 254.0pt x 189.00775pt.
 [19]
Underfull \hbox (badness 10000) detected at line 46
[][][]
 []


Underfull \hbox (badness 862) in paragraph at lines 66--67
 \T1/phv/b/n/10 10.4.2.2 FactoryGenerator$\OML/cmm/m/it/10 <$ \T1/phv/b/n/10 Co
m-bi-na-tion-Gener-a-tor::constIterator, std::vector$\OML/cmm/m/it/10 <$ \T1/ph
v/b/n/10 T $\OML/cmm/m/it/10 >$ $>$[] \T1/pcr/m/n/8 friend class
 []

) (./classsymmp_1_1Polynomial_1_1constIterator.tex

Package hyperref Warning: Token not allowed in a PDF string (Unicode):
(hyperref)                removing `math shift' on input line 1.


Package hyperref Warning: Token not allowed in a PDF string (Unicode):
(hyperref)                removing `math shift' on input line 1.


Package hyperref Warning: Token not allowed in a PDF string (Unicode):
(hyperref)                removing `math shift' on input line 1.


Package hyperref Warning: Token not allowed in a PDF string (Unicode):
(hyperref)                removing `math shift' on input line 1.

[20]
Underfull \hbox (badness 10000) detected at line 40
[][][]
 []

[21]) (./structsymmp_1_1ElementarySymmetricVariables.tex

Package hyperref Warning: Token not allowed in a PDF string (Unicode):
(hyperref)                removing `math shift' on input line 1.


Package hyperref Warning: Token not allowed in a PDF string (Unicode):
(hyperref)                removing `math shift' on input line 1.


Package hyperref Warning: Token not allowed in a PDF string (Unicode):
(hyperref)                removing `math shift' on input line 1.


Package hyperref Warning: Token not allowed in a PDF string (Unicode):
(hyperref)                removing `math shift' on input line 1.

 <./structsymmp_1_1ElementarySymmetricVariables__inherit__graph.pdf

pdfTeX warning: pdflatex (file ./structsymmp_1_1ElementarySymmetricVariables__i
nherit__graph.pdf): PDF inclusion: multiple pdfs with page group included in a 
single page
>
<structsymmp_1_1ElementarySymmetricVariables__inherit__graph.pdf, id=1040, 305.
14pt x 315.1775pt>
File: structsymmp_1_1ElementarySymmetricVariables__inherit__graph.pdf Graphic f
ile (type pdf)
<use structsymmp_1_1ElementarySymmetricVariables__inherit__graph.pdf>
Package pdftex.def Info: structsymmp_1_1ElementarySymmetricVariables__inherit__
graph.pdf  used on input line 18.
(pdftex.def)             Requested size: 304.0pt x 314.0129pt.
 [22] <./structsymmp_1_1ElementarySymmetricVariables__coll__graph.pdf

pdfTeX warning: pdflatex (file ./structsymmp_1_1ElementarySymmetricVariables__c
oll__graph.pdf): PDF inclusion: multiple pdfs with page group included in a sin
gle page
>
<structsymmp_1_1ElementarySymmetricVariables__coll__graph.pdf, id=1058, 305.14p
t x 382.42876pt>
File: structsymmp_1_1ElementarySymmetricVariables__coll__graph.pdf Graphic file
 (type pdf)
<use structsymmp_1_1ElementarySymmetricVariables__coll__graph.pdf>
Package pdftex.def Info: structsymmp_1_1ElementarySymmetricVariables__coll__gra
ph.pdf  used on input line 27.
(pdftex.def)             Requested size: 304.0pt x 381.01564pt.

Underfull \vbox (badness 10000) has occurred while \output is active []

 [23]
[24] [25]
Underfull \hbox (badness 10000) detected at line 86
[][][]
 []


Underfull \hbox (badness 10000) detected at line 99
[][][]
 []

) (./classsymmp_1_1FactoryGenerator.tex

Package hyperref Warning: Token not allowed in a PDF string (Unicode):
(hyperref)                removing `math shift' on input line 1.


Package hyperref Warning: Token not allowed in a PDF string (Unicode):
(hyperref)                removing `math shift' on input line 1.


Package hyperref Warning: Token not allowed in a PDF string (Unicode):
(hyperref)                removing `math shift' on input line 1.


Package hyperref Warning: Token not allowed in a PDF string (Unicode):
(hyperref)                removing `math shift' on input line 1.

[26] <./classsymmp_1_1FactoryGenerator__inherit__graph.pdf

pdfTeX warning: pdflatex (file ./classsymmp_1_1FactoryGenerator__inherit__graph
.pdf): PDF inclusion: multiple pdfs with page group included in a single page
>
<classsymmp_1_1FactoryGenerator__inherit__graph.pdf, id=1106, 668.4975pt x 220.
825pt>
File: classsymmp_1_1FactoryGenerator__inherit__graph.pdf Graphic file (type pdf
)
<use classsymmp_1_1FactoryGenerator__inherit__graph.pdf>
Package pdftex.def Info: classsymmp_1_1FactoryGenerator__inherit__graph.pdf  us
ed on input line 18.
(pdftex.def)             Requested size: 350.0pt x 115.61812pt.

Underfull \hbox (badness 10000) detected at line 52
[][][]
 []


Overfull \hbox (1.47571pt too wide) in paragraph at lines 1--1
 []\T1/phv/m/sl/10 spec[]
 []

[27] [28]) (./structsymmp_1_1HalfIdempotentVariables.tex

Package hyperref Warning: Token not allowed in a PDF string (Unicode):
(hyperref)                removing `math shift' on input line 1.


Package hyperref Warning: Token not allowed in a PDF string (Unicode):
(hyperref)                removing `math shift' on input line 1.


Package hyperref Warning: Token not allowed in a PDF string (Unicode):
(hyperref)                removing `math shift' on input line 1.


Package hyperref Warning: Token not allowed in a PDF string (Unicode):
(hyperref)                removing `math shift' on input line 1.

 <./structsymmp_1_1HalfIdempotentVariables__inherit__graph.pdf

pdfTeX warning: pdflatex (file ./structsymmp_1_1HalfIdempotentVariables__inheri
t__graph.pdf): PDF inclusion: multiple pdfs with page group included in a singl
e page
>
<structsymmp_1_1HalfIdempotentVariables__inherit__graph.pdf, id=1152, 221.82875
pt x 257.96375pt>
File: structsymmp_1_1HalfIdempotentVariables__inherit__graph.pdf Graphic file (
type pdf)
<use structsymmp_1_1HalfIdempotentVariables__inherit__graph.pdf>
Package pdftex.def Info: structsymmp_1_1HalfIdempotentVariables__inherit__graph
.pdf  used on input line 18.
(pdftex.def)             Requested size: 221.0pt x 256.99873pt.
 [29] <./structsymmp_1_1HalfIdempotentVariables__coll__graph.pdf

pdfTeX warning: pdflatex (file ./structsymmp_1_1HalfIdempotentVariables__coll__
graph.pdf): PDF inclusion: multiple pdfs with page group included in a single p
age
>
<structsymmp_1_1HalfIdempotentVariables__coll__graph.pdf, id=1171, 221.82875pt 
x 257.96375pt>
File: structsymmp_1_1HalfIdempotentVariables__coll__graph.pdf Graphic file (typ
e pdf)
<use structsymmp_1_1HalfIdempotentVariables__coll__graph.pdf>
Package pdftex.def Info: structsymmp_1_1HalfIdempotentVariables__coll__graph.pd
f  used on input line 27.
(pdftex.def)             Requested size: 221.0pt x 256.99873pt.

Underfull \vbox (badness 2478) has occurred while \output is active []

 [30]
[31]
Underfull \hbox (badness 10000) detected at line 94
[][][]
 []


Underfull \hbox (badness 10000) detected at line 114
[][][]
 []

[32]
Underfull \hbox (badness 10000) detected at line 127
[][][]
 []


Underfull \hbox (badness 10000) detected at line 145
[][][]
 []


Underfull \hbox (badness 10000) detected at line 163
[][][]
 []

) (./classsymmp_1_1PermutationGenerator.tex

Package hyperref Warning: Token not allowed in a PDF string (Unicode):
(hyperref)                removing `math shift' on input line 1.


Package hyperref Warning: Token not allowed in a PDF string (Unicode):
(hyperref)                removing `math shift' on input line 1.


Package hyperref Warning: Token not allowed in a PDF string (Unicode):
(hyperref)                removing `math shift' on input line 1.


Package hyperref Warning: Token not allowed in a PDF string (Unicode):
(hyperref)                removing `math shift' on input line 1.

[33]
Underfull \hbox (badness 10000) detected at line 40
[][][]
 []

[34]
Underfull \hbox (badness 10000) detected at line 81
[][][]
 []


Underfull \hbox (badness 10000) detected at line 94
[][][]
 []


Underfull \hbox (badness 10000) detected at line 107
[][][]
 []

) (./classsymmp_1_1Polynomial.tex

Package hyperref Warning: Token not allowed in a PDF string (Unicode):
(hyperref)                removing `math shift' on input line 1.


Package hyperref Warning: Token not allowed in a PDF string (Unicode):
(hyperref)                removing `math shift' on input line 1.


Package hyperref Warning: Token not allowed in a PDF string (Unicode):
(hyperref)                removing `math shift' on input line 1.


Package hyperref Warning: Token not allowed in a PDF string (Unicode):
(hyperref)                removing `math shift' on input line 1.

[35] [36]

LaTeX Font Warning: Font shape `T1/pcr/bc/n' undefined
(Font)              using `T1/pcr/m/n' instead on input line 92.


Underfull \hbox (badness 10000) detected at line 92
[][][]
 []

[37]
LaTeX Font Info:    Font shape `T1/phv/b/n' will be
(Font)              scaled to size 7.19995pt on input line 147.
 [38]
Underfull \hbox (badness 10000) detected at line 181
[][][]
 []


Underfull \hbox (badness 10000) detected at line 205
[][][]
 []

[39]
Underfull \hbox (badness 10000) detected at line 258
[][][]
 []


Underfull \hbox (badness 10000) detected at line 261
[][][]
 []


Underfull \hbox (badness 10000) detected at line 274
[][][]
 []


Underfull \hbox (badness 10000) detected at line 287
[][][]
 []


Underfull \hbox (badness 10000) detected at line 290
[][][]
 []


Underfull \hbox (badness 10000) in paragraph at lines 297--298
|  \T1/pcr/m/n/8 const []$\OML/cmm/m/it/8 <$ []\T1/pcr/m/n/8 _[]scl, []_[]exp, 
[]_[]container, container[]_[]is[]_[]ordered, []_[][]Args $\OML/cmm/m/it/8 >$ \
T1/pcr/m/n/8 &  )
 []


Underfull \hbox (badness 10000) in paragraph at lines 307--308
|  \T1/pcr/m/n/8 const []$\OML/cmm/m/it/8 <$ []\T1/pcr/m/n/8 _[]scl, []_[]exp, 
[]_[]container, container[]_[]is[]_[]ordered, []_[][]Args $\OML/cmm/m/it/8 >$ \
T1/pcr/m/n/8 & \T1/pcr/m/sl/8 other \T1/pcr/m/n/8 )
 []

[40]
Underfull \hbox (badness 10000) detected at line 318
[][][]
 []


Underfull \hbox (badness 10000) in paragraph at lines 325--326
|  \T1/pcr/m/n/8 const []$\OML/cmm/m/it/8 <$ []\T1/pcr/m/n/8 _[]scl, []_[]exp, 
[]_[]container, container[]_[]is[]_[]ordered, []_[][]Args $\OML/cmm/m/it/8 >$ \
T1/pcr/m/n/8 & \T1/pcr/m/sl/8 other \T1/pcr/m/n/8 )
 []


Underfull \hbox (badness 10000) detected at line 337
[][][]
 []

[41]
Underfull \hbox (badness 10000) detected at line 358
[][][]
 []


Underfull \hbox (badness 10000) detected at line 361
[][][]
 []


Underfull \hbox (badness 10000) in paragraph at lines 368--369
|  \T1/pcr/m/n/8 const []$\OML/cmm/m/it/8 <$ []\T1/pcr/m/n/8 _[]scl, []_[]exp, 
[]_[]container, container[]_[]is[]_[]ordered, []_[][]Args $\OML/cmm/m/it/8 >$ \
T1/pcr/m/n/8 & \T1/pcr/m/sl/8 other \T1/pcr/m/n/8 )
 []


Underfull \hbox (badness 10000) detected at line 379
[][][]
 []


Underfull \hbox (badness 10000) in paragraph at lines 386--387
|  \T1/pcr/m/n/8 const []$\OML/cmm/m/it/8 <$ []\T1/pcr/m/n/8 _[]scl, []_[]exp, 
[]_[]container, container[]_[]is[]_[]ordered, []_[][]Args $\OML/cmm/m/it/8 >$ \
T1/pcr/m/n/8 & \T1/pcr/m/sl/8 other \T1/pcr/m/n/8 )
 []


Underfull \hbox (badness 10000) detected at line 398
[][][]
 []


Underfull \hbox (badness 10000) detected at line 401
[][][]
 []


Underfull \hbox (badness 10000) in paragraph at lines 408--409
|  \T1/pcr/m/n/8 const []$\OML/cmm/m/it/8 <$ []\T1/pcr/m/n/8 _[]scl, []_[]exp, 
[]_[]container, container[]_[]is[]_[]ordered, []_[][]Args $\OML/cmm/m/it/8 >$ \
T1/pcr/m/n/8 & \T1/pcr/m/sl/8 other \T1/pcr/m/n/8 )
 []

[42]
Underfull \hbox (badness 10000) detected at line 419
[][][]
 []


Underfull \hbox (badness 10000) in paragraph at lines 426--427
|  \T1/pcr/m/n/8 const []$\OML/cmm/m/it/8 <$ []\T1/pcr/m/n/8 _[]scl, []_[]exp, 
[]_[]container, container[]_[]is[]_[]ordered, []_[][]Args $\OML/cmm/m/it/8 >$ \
T1/pcr/m/n/8 & \T1/pcr/m/sl/8 other \T1/pcr/m/n/8 )
 []


Underfull \hbox (badness 10000) detected at line 438
[][][]
 []


Underfull \hbox (badness 10000) detected at line 441
[][][]
 []


Underfull \hbox (badness 10000) in paragraph at lines 448--449
|  \T1/pcr/m/n/8 const []$\OML/cmm/m/it/8 <$ []\T1/pcr/m/n/8 _[]scl, []_[]exp, 
[]_[]container, container[]_[]is[]_[]ordered, []_[][]Args $\OML/cmm/m/it/8 >$ \
T1/pcr/m/n/8 &  )
 []

[43]
Underfull \hbox (badness 10000) detected at line 474
[][][]
 []


Underfull \hbox (badness 10000) detected at line 477
[][][]
 []


Underfull \hbox (badness 10000) detected at line 480
[][][]
 []


Underfull \hbox (badness 10000) detected at line 510
[][][]
 []

) (./classsymmp_1_1PolynomialBasis.tex

Package hyperref Warning: Token not allowed in a PDF string (Unicode):
(hyperref)                removing `math shift' on input line 1.


Package hyperref Warning: Token not allowed in a PDF string (Unicode):
(hyperref)                removing `math shift' on input line 1.


Package hyperref Warning: Token not allowed in a PDF string (Unicode):
(hyperref)                removing `math shift' on input line 1.


Package hyperref Warning: Token not allowed in a PDF string (Unicode):
(hyperref)                removing `math shift' on input line 1.

[44] <./classsymmp_1_1PolynomialBasis__inherit__graph.pdf

pdfTeX warning: pdflatex (file ./classsymmp_1_1PolynomialBasis__inherit__graph.
pdf): PDF inclusion: multiple pdfs with page group included in a single page
>
<classsymmp_1_1PolynomialBasis__inherit__graph.pdf, id=1484, 700.6175pt x 199.7
4625pt>
File: classsymmp_1_1PolynomialBasis__inherit__graph.pdf Graphic file (type pdf)

<use classsymmp_1_1PolynomialBasis__inherit__graph.pdf>
Package pdftex.def Info: classsymmp_1_1PolynomialBasis__inherit__graph.pdf  use
d on input line 18.
(pdftex.def)             Requested size: 350.0pt x 99.78754pt.
 <./classsymmp_1_1PolynomialBasis__coll__graph.pdf

pdfTeX warning: pdflatex (file ./classsymmp_1_1PolynomialBasis__coll__graph.pdf
): PDF inclusion: multiple pdfs with page group included in a single page
>
<classsymmp_1_1PolynomialBasis__coll__graph.pdf, id=1492, 523.9575pt x 346.2937
5pt>
File: classsymmp_1_1PolynomialBasis__coll__graph.pdf Graphic file (type pdf)
<use classsymmp_1_1PolynomialBasis__coll__graph.pdf>
Package pdftex.def Info: classsymmp_1_1PolynomialBasis__coll__graph.pdf  used o
n input line 27.
(pdftex.def)             Requested size: 350.0pt x 231.32867pt.
 [45]
Underfull \hbox (badness 1755) in paragraph at lines 67--69
[]\T1/phv/m/n/10 Inherit from this class and con-struct data mem-ber [] through
 the child class (and op-tion-ally
 []


Underfull \vbox (badness 10000) has occurred while \output is active []

 [46]
Underfull \hbox (badness 10000) detected at line 147
[][][]
 []

[47]
Underfull \hbox (badness 10000) detected at line 165
[][][]
 []


Underfull \hbox (badness 10000) in paragraph at lines 185--186
 \T1/phv/b/n/10 10.11.4.2 gen-er-a-tor_dimensions[] \T1/pcr/m/n/8 std[]::vector
$\OML/cmm/m/it/8 <$\T1/pcr/m/n/8 typename new[]_[]poly[]_[]t[]::deg[]_[]t$\OML/
cmm/m/it/8 >$ \T1/pcr/m/n/8 generator[]_[]dimensions
 []

) (./structsymmp_1_1StandardVariables.tex

Package hyperref Warning: Token not allowed in a PDF string (Unicode):
(hyperref)                removing `math shift' on input line 1.


Package hyperref Warning: Token not allowed in a PDF string (Unicode):
(hyperref)                removing `math shift' on input line 1.


Package hyperref Warning: Token not allowed in a PDF string (Unicode):
(hyperref)                removing `math shift' on input line 1.


Package hyperref Warning: Token not allowed in a PDF string (Unicode):
(hyperref)                removing `math shift' on input line 1.

 <./structsymmp_1_1StandardVariables__inherit__graph.pdf

pdfTeX warning: pdflatex (file ./structsymmp_1_1StandardVariables__inherit__gra
ph.pdf): PDF inclusion: multiple pdfs with page group included in a single page

>
<structsymmp_1_1StandardVariables__inherit__graph.pdf, id=1569, 266.9975pt x 31
5.1775pt>
File: structsymmp_1_1StandardVariables__inherit__graph.pdf Graphic file (type p
df)
<use structsymmp_1_1StandardVariables__inherit__graph.pdf>
Package pdftex.def Info: structsymmp_1_1StandardVariables__inherit__graph.pdf  
used on input line 18.
(pdftex.def)             Requested size: 266.0pt x 314.03212pt.
 [48] <./structsymmp_1_1StandardVariables__coll__graph.pdf

pdfTeX warning: pdflatex (file ./structsymmp_1_1StandardVariables__coll__graph.
pdf): PDF inclusion: multiple pdfs with page group included in a single page
>
<structsymmp_1_1StandardVariables__coll__graph.pdf, id=1585, 193.72375pt x 235.
88126pt>
File: structsymmp_1_1StandardVariables__coll__graph.pdf Graphic file (type pdf)

<use structsymmp_1_1StandardVariables__coll__graph.pdf>
Package pdftex.def Info: structsymmp_1_1StandardVariables__coll__graph.pdf  use
d on input line 27.
(pdftex.def)             Requested size: 193.0pt x 235.00246pt.
 [49] [50]
Underfull \hbox (badness 10000) detected at line 90
[][][]
 []


Underfull \hbox (badness 10000) detected at line 103
[][][]
 []


Underfull \hbox (badness 10000) detected at line 133
[][][]
 []

) (./classsymmp_1_1SymmetricBasis.tex

Package hyperref Warning: Token not allowed in a PDF string (Unicode):
(hyperref)                removing `math shift' on input line 1.


Package hyperref Warning: Token not allowed in a PDF string (Unicode):
(hyperref)                removing `math shift' on input line 1.


Package hyperref Warning: Token not allowed in a PDF string (Unicode):
(hyperref)                removing `math shift' on input line 1.


Package hyperref Warning: Token not allowed in a PDF string (Unicode):
(hyperref)                removing `math shift' on input line 1.

[51] <./classsymmp_1_1SymmetricBasis__inherit__graph.pdf

pdfTeX warning: pdflatex (file ./classsymmp_1_1SymmetricBasis__inherit__graph.p
df): PDF inclusion: multiple pdfs with page group included in a single page
>
<classsymmp_1_1SymmetricBasis__inherit__graph.pdf, id=1639, 274.02374pt x 302.1
2875pt>
File: classsymmp_1_1SymmetricBasis__inherit__graph.pdf Graphic file (type pdf)
<use classsymmp_1_1SymmetricBasis__inherit__graph.pdf>
Package pdftex.def Info: classsymmp_1_1SymmetricBasis__inherit__graph.pdf  used
 on input line 18.
(pdftex.def)             Requested size: 273.0pt x 301.02158pt.
 <./classsymmp_1_1SymmetricBasis__coll__graph.pdf

pdfTeX warning: pdflatex (file ./classsymmp_1_1SymmetricBasis__coll__graph.pdf)
: PDF inclusion: multiple pdfs with page group included in a single page
>
<classsymmp_1_1SymmetricBasis__coll__graph.pdf, id=1647, 1412.27625pt x 260.975
pt>
File: classsymmp_1_1SymmetricBasis__coll__graph.pdf Graphic file (type pdf)
<use classsymmp_1_1SymmetricBasis__coll__graph.pdf>
Package pdftex.def Info: classsymmp_1_1SymmetricBasis__coll__graph.pdf  used on
 input line 27.
(pdftex.def)             Requested size: 350.0pt x 64.67413pt.
 [52]) (./classsymmp_1_1TwistedChernBasis.tex

Package hyperref Warning: Token not allowed in a PDF string (Unicode):
(hyperref)                removing `math shift' on input line 1.


Package hyperref Warning: Token not allowed in a PDF string (Unicode):
(hyperref)                removing `math shift' on input line 1.


Package hyperref Warning: Token not allowed in a PDF string (Unicode):
(hyperref)                removing `math shift' on input line 1.


Package hyperref Warning: Token not allowed in a PDF string (Unicode):
(hyperref)                removing `math shift' on input line 1.

 <./classsymmp_1_1TwistedChernBasis__inherit__graph.pdf>
<classsymmp_1_1TwistedChernBasis__inherit__graph.pdf, id=1682, 659.46375pt x 15
1.56625pt>
File: classsymmp_1_1TwistedChernBasis__inherit__graph.pdf Graphic file (type pd
f)
<use classsymmp_1_1TwistedChernBasis__inherit__graph.pdf>
Package pdftex.def Info: classsymmp_1_1TwistedChernBasis__inherit__graph.pdf  u
sed on input line 18.
(pdftex.def)             Requested size: 350.0pt x 80.44304pt.
 [53] <./classsymmp_1_1TwistedChernBasis__coll__graph.pdf

pdfTeX warning: pdflatex (file ./classsymmp_1_1TwistedChernBasis__coll__graph.p
df): PDF inclusion: multiple pdfs with page group included in a single page
>
<classsymmp_1_1TwistedChernBasis__coll__graph.pdf, id=1700, 1381.16pt x 260.975
pt>
File: classsymmp_1_1TwistedChernBasis__coll__graph.pdf Graphic file (type pdf)
<use classsymmp_1_1TwistedChernBasis__coll__graph.pdf>
Package pdftex.def Info: classsymmp_1_1TwistedChernBasis__coll__graph.pdf  used
 on input line 27.
(pdftex.def)             Requested size: 350.0pt x 66.1316pt.
 [54]
Underfull \hbox (badness 10000) detected at line 98
[][][]
 []

 <./classsymmp_1_1TwistedChernBasis_ad05b1690e2698e5b50ead06cd6aadd0a_icgraph.p
df>
<classsymmp_1_1TwistedChernBasis_ad05b1690e2698e5b50ead06cd6aadd0a_icgraph.pdf,
 id=1735, 336.25626pt x 111.41624pt>
File: classsymmp_1_1TwistedChernBasis_ad05b1690e2698e5b50ead06cd6aadd0a_icgraph
.pdf Graphic file (type pdf)
<use classsymmp_1_1TwistedChernBasis_ad05b1690e2698e5b50ead06cd6aadd0a_icgraph.
pdf>
Package pdftex.def Info: classsymmp_1_1TwistedChernBasis_ad05b1690e2698e5b50ead
06cd6aadd0a_icgraph.pdf  used on input line 105.
(pdftex.def)             Requested size: 335.0pt x 111.00114pt.

Underfull \vbox (badness 3333) has occurred while \output is active []

 [55]
Underfull \hbox (badness 10000) detected at line 118
[][][]
 []


Underfull \hbox (badness 10000) in paragraph at lines 128--129
\OML/cmm/m/it/10 >$[] \T1/pcr/m/n/8 friend class []$\OML/cmm/m/it/8 <$ []$<$ []
\T1/pcr/m/n/8 _[]xy[]_[]poly[]_[]t, []_[]chern[]_[]poly[]_[]t $\OML/cmm/m/it/8 
>$\T1/pcr/m/n/8 , []_[]xy[]_[]poly[]_[]t,
 []

) (./structsymmp_1_1TwistedChernVariables.tex

Package hyperref Warning: Token not allowed in a PDF string (Unicode):
(hyperref)                removing `math shift' on input line 1.


Package hyperref Warning: Token not allowed in a PDF string (Unicode):
(hyperref)                removing `math shift' on input line 1.


Package hyperref Warning: Token not allowed in a PDF string (Unicode):
(hyperref)                removing `math shift' on input line 1.


Package hyperref Warning: Token not allowed in a PDF string (Unicode):
(hyperref)                removing `math shift' on input line 1.

 <./structsymmp_1_1TwistedChernVariables__inherit__graph.pdf

pdfTeX warning: pdflatex (file ./structsymmp_1_1TwistedChernVariables__inherit_
_graph.pdf): PDF inclusion: multiple pdfs with page group included in a single 
page
>
<structsymmp_1_1TwistedChernVariables__inherit__graph.pdf, id=1755, 207.77625pt
 x 167.62625pt>
File: structsymmp_1_1TwistedChernVariables__inherit__graph.pdf Graphic file (ty
pe pdf)
<use structsymmp_1_1TwistedChernVariables__inherit__graph.pdf>
Package pdftex.def Info: structsymmp_1_1TwistedChernVariables__inherit__graph.p
df  used on input line 18.
(pdftex.def)             Requested size: 207.0pt x 167.00684pt.
 [56] <./structsymmp_1_1TwistedChernVariables__coll__graph.pdf>
<structsymmp_1_1TwistedChernVariables__coll__graph.pdf, id=1772, 207.77625pt x 
235.88126pt>
File: structsymmp_1_1TwistedChernVariables__coll__graph.pdf Graphic file (type 
pdf)
<use structsymmp_1_1TwistedChernVariables__coll__graph.pdf>
Package pdftex.def Info: structsymmp_1_1TwistedChernVariables__coll__graph.pdf 
 used on input line 27.
(pdftex.def)             Requested size: 207.0pt x 235.00964pt.
 [57]
Underfull \hbox (badness 10000) detected at line 50
[][][]
 []


Underfull \hbox (badness 10000) detected at line 86
[][][]
 []

[58]
Underfull \hbox (badness 10000) detected at line 99
[][][]
 []


Underfull \hbox (badness 10000) detected at line 107
[][][]
 []

) (./Demo_8cpp.tex <./Demo_8cpp__incl.pdf

pdfTeX warning: pdflatex (file ./Demo_8cpp__incl.pdf): PDF inclusion: multiple 
pdfs with page group included in a single page
>
<Demo_8cpp__incl.pdf, id=1811, 846.16125pt x 381.425pt>
File: Demo_8cpp__incl.pdf Graphic file (type pdf)
<use Demo_8cpp__incl.pdf>
Package pdftex.def Info: Demo_8cpp__incl.pdf  used on input line 14.
(pdftex.def)             Requested size: 350.0pt x 157.7646pt.
 [59] <./Demo_8cpp_ae66f6b31b5ad750f1fe042a706a4e3d4_cgraph.pdf>
<Demo_8cpp_ae66f6b31b5ad750f1fe042a706a4e3d4_cgraph.pdf, id=1836, 243.91125pt x
 100.375pt>
File: Demo_8cpp_ae66f6b31b5ad750f1fe042a706a4e3d4_cgraph.pdf Graphic file (type
 pdf)
<use Demo_8cpp_ae66f6b31b5ad750f1fe042a706a4e3d4_cgraph.pdf>
Package pdftex.def Info: Demo_8cpp_ae66f6b31b5ad750f1fe042a706a4e3d4_cgraph.pdf
  used on input line 80.
(pdftex.def)             Requested size: 243.0pt x 100.00102pt.
 <./Demo_8cpp_aa4379c1f8675ccb9d3360e1087853dae_icgraph.pdf

pdfTeX warning: pdflatex (file ./Demo_8cpp_aa4379c1f8675ccb9d3360e1087853dae_ic
graph.pdf): PDF inclusion: multiple pdfs with page group included in a single p
age
>
<Demo_8cpp_aa4379c1f8675ccb9d3360e1087853dae_icgraph.pdf, id=1844, 243.91125pt 
x 100.375pt>
File: Demo_8cpp_aa4379c1f8675ccb9d3360e1087853dae_icgraph.pdf Graphic file (typ
e pdf)
<use Demo_8cpp_aa4379c1f8675ccb9d3360e1087853dae_icgraph.pdf>
Package pdftex.def Info: Demo_8cpp_aa4379c1f8675ccb9d3360e1087853dae_icgraph.pd
f  used on input line 97.
(pdftex.def)             Requested size: 243.0pt x 100.00102pt.
 [60]
Underfull \hbox (badness 10000) in paragraph at lines 123--124
 \T1/phv/b/n/10 11.1.3.4 write_pontryagin_C2_in_terms_of_Chern_classes()[] \T1/
pcr/m/n/8 void write[]_[]pontryagin[]_[][]C2[]_[]in[]_[]terms[]_[]of[]_[][]
 []

 <./Demo_8cpp_a4035f75fec6b080c4047d6b04281910f_cgraph.pdf>
<Demo_8cpp_a4035f75fec6b080c4047d6b04281910f_cgraph.pdf, id=1867, 423.5825pt x 
111.41624pt>
File: Demo_8cpp_a4035f75fec6b080c4047d6b04281910f_cgraph.pdf Graphic file (type
 pdf)
<use Demo_8cpp_a4035f75fec6b080c4047d6b04281910f_cgraph.pdf>
Package pdftex.def Info: Demo_8cpp_a4035f75fec6b080c4047d6b04281910f_cgraph.pdf
  used on input line 145.
(pdftex.def)             Requested size: 350.0pt x 92.06404pt.
)
(./General_8hpp.tex
Underfull \vbox (badness 10000) has occurred while \output is active []

 [61] <./General_8hpp__incl.pdf>
<General_8hpp__incl.pdf, id=1887, 594.22pt x 156.585pt>
File: General_8hpp__incl.pdf Graphic file (type pdf)
<use General_8hpp__incl.pdf>
Package pdftex.def Info: General_8hpp__incl.pdf  used on input line 19.
(pdftex.def)             Requested size: 350.0pt x 92.23381pt.
 <./General_8hpp__dep__incl.pdf

pdfTeX warning: pdflatex (file ./General_8hpp__dep__incl.pdf): PDF inclusion: m
ultiple pdfs with page group included in a single page
>
<General_8hpp__dep__incl.pdf, id=1895, 289.08pt x 325.215pt>
File: General_8hpp__dep__incl.pdf Graphic file (type pdf)
<use General_8hpp__dep__incl.pdf>
Package pdftex.def Info: General_8hpp__dep__incl.pdf  used on input line 26.
(pdftex.def)             Requested size: 288.0pt x 324.01826pt.

Underfull \vbox (badness 10000) has occurred while \output is active []

 [62])
(./Generators_8hpp.tex <./Generators_8hpp__incl.pdf>
<Generators_8hpp__incl.pdf, id=1913, 594.22pt x 212.795pt>
File: Generators_8hpp__incl.pdf Graphic file (type pdf)
<use Generators_8hpp__incl.pdf>
Package pdftex.def Info: Generators_8hpp__incl.pdf  used on input line 15.
(pdftex.def)             Requested size: 350.0pt x 125.34338pt.
 [63] <./Generators_8hpp__dep__incl.pdf>
<Generators_8hpp__dep__incl.pdf, id=1929, 202.7575pt x 269.005pt>
File: Generators_8hpp__dep__incl.pdf Graphic file (type pdf)
<use Generators_8hpp__dep__incl.pdf>
Package pdftex.def Info: Generators_8hpp__dep__incl.pdf  used on input line 22.

(pdftex.def)             Requested size: 202.0pt x 268.00688pt.
 [64]) (./Guide_8md.tex) (./Half__Idempotent_8hpp.tex <./Half__Idempotent_8hpp_
_incl.pdf>
<Half__Idempotent_8hpp__incl.pdf, id=1954, 825.0825pt x 325.215pt>
File: Half__Idempotent_8hpp__incl.pdf Graphic file (type pdf)
<use Half__Idempotent_8hpp__incl.pdf>
Package pdftex.def Info: Half__Idempotent_8hpp__incl.pdf  used on input line 14
.
(pdftex.def)             Requested size: 350.0pt x 137.95898pt.
 <./Half__Idempotent_8hpp__dep__incl.pdf

pdfTeX warning: pdflatex (file ./Half__Idempotent_8hpp__dep__incl.pdf): PDF inc
lusion: multiple pdfs with page group included in a single page
>
<Half__Idempotent_8hpp__dep__incl.pdf, id=1962, 199.74625pt x 156.585pt>
File: Half__Idempotent_8hpp__dep__incl.pdf Graphic file (type pdf)
<use Half__Idempotent_8hpp__dep__incl.pdf>
Package pdftex.def Info: Half__Idempotent_8hpp__dep__incl.pdf  used on input li
ne 21.
(pdftex.def)             Requested size: 199.0pt x 156.00879pt.
 [65]) (./Polynomials_8hpp.tex <./Polynomials_8hpp__incl.pdf>
<Polynomials_8hpp__incl.pdf, id=1985, 596.2275pt x 212.795pt>
File: Polynomials_8hpp__incl.pdf Graphic file (type pdf)
<use Polynomials_8hpp__incl.pdf>
Package pdftex.def Info: Polynomials_8hpp__incl.pdf  used on input line 17.
(pdftex.def)             Requested size: 350.0pt x 124.91478pt.
 [66] <./Polynomials_8hpp__dep__incl.pdf>
<Polynomials_8hpp__dep__incl.pdf, id=2003, 202.7575pt x 269.005pt>
File: Polynomials_8hpp__dep__incl.pdf Graphic file (type pdf)
<use Polynomials_8hpp__dep__incl.pdf>
Package pdftex.def Info: Polynomials_8hpp__dep__incl.pdf  used on input line 24
.
(pdftex.def)             Requested size: 202.0pt x 268.00688pt.
 [67]) (./Symmetric__Basis_8hpp.tex <./Symmetric__Basis_8hpp__incl.pdf>
<Symmetric__Basis_8hpp__incl.pdf, id=2025, 825.0825pt x 269.005pt>
File: Symmetric__Basis_8hpp__incl.pdf Graphic file (type pdf)
<use Symmetric__Basis_8hpp__incl.pdf>
Package pdftex.def Info: Symmetric__Basis_8hpp__incl.pdf  used on input line 15
.
(pdftex.def)             Requested size: 350.0pt x 114.11421pt.
 <./Symmetric__Basis_8hpp__dep__incl.pdf

pdfTeX warning: pdflatex (file ./Symmetric__Basis_8hpp__dep__incl.pdf): PDF inc
lusion: multiple pdfs with page group included in a single page
>
<Symmetric__Basis_8hpp__dep__incl.pdf, id=2033, 202.7575pt x 212.795pt>
File: Symmetric__Basis_8hpp__dep__incl.pdf Graphic file (type pdf)
<use Symmetric__Basis_8hpp__dep__incl.pdf>
Package pdftex.def Info: Symmetric__Basis_8hpp__dep__incl.pdf  used on input li
ne 22.
(pdftex.def)             Requested size: 202.0pt x 212.00543pt.
 [68]) [69] [70

]
No file refman.ind.
Package atveryend Info: Empty hook `BeforeClearDocument' on input line 229.
Package atveryend Info: Empty hook `AfterLastShipout' on input line 229.
(./refman.aux)
Package atveryend Info: Executing hook `AtVeryEndDocument' on input line 229.
Package atveryend Info: Executing hook `AtEndAfterFileList' on input line 229.
Package rerunfilecheck Info: File `refman.out' has not changed.
(rerunfilecheck)             Checksum: DAF4A5D26A239C4E17F6AD4FA913513F;26548.


LaTeX Font Warning: Some font shapes were not available, defaults substituted.

 ) 
Here is how much of TeX's memory you used:
 18290 strings out of 482854
 282097 string characters out of 5956880
 587810 words of memory out of 5000000
 32660 multiletter control sequences out of 15000+600000
 590431 words of font info for 113 fonts, out of 8000000 for 9000
 14 hyphenation exceptions out of 8191
 59i,17n,96p,1450b,634s stack positions out of 5000i,500n,10000p,200000b,80000s
{/usr/share/texlive/texmf-dist/fonts/enc/dvips/base/8r.enc}</usr/share/texliv
e/texmf-dist/fonts/type1/public/amsfonts/cm/cmex10.pfb></usr/share/texlive/texm
f-dist/fonts/type1/public/amsfonts/cm/cmmi10.pfb></usr/share/texlive/texmf-dist
/fonts/type1/public/amsfonts/cm/cmmi12.pfb></usr/share/texlive/texmf-dist/fonts
/type1/public/amsfonts/cm/cmmi5.pfb></usr/share/texlive/texmf-dist/fonts/type1/
public/amsfonts/cm/cmmi6.pfb></usr/share/texlive/texmf-dist/fonts/type1/public/
amsfonts/cm/cmmi7.pfb></usr/share/texlive/texmf-dist/fonts/type1/public/amsfont
s/cm/cmmi8.pfb></usr/share/texlive/texmf-dist/fonts/type1/public/amsfonts/cm/cm
mi9.pfb></usr/share/texlive/texmf-dist/fonts/type1/public/amsfonts/cm/cmr10.pfb
></usr/share/texlive/texmf-dist/fonts/type1/public/amsfonts/cm/cmr5.pfb></usr/s
hare/texlive/texmf-dist/fonts/type1/public/amsfonts/cm/cmr6.pfb></usr/share/tex
live/texmf-dist/fonts/type1/public/amsfonts/cm/cmr7.pfb></usr/share/texlive/tex
mf-dist/fonts/type1/public/amsfonts/cm/cmr9.pfb></usr/share/texlive/texmf-dist/
fonts/type1/public/amsfonts/cm/cmsy10.pfb></usr/share/texlive/texmf-dist/fonts/
type1/public/amsfonts/cm/cmsy6.pfb></usr/share/texlive/texmf-dist/fonts/type1/p
ublic/amsfonts/cm/cmsy7.pfb></usr/share/texlive/texmf-dist/fonts/type1/public/a
msfonts/cm/cmsy8.pfb></usr/share/texlive/texmf-dist/fonts/type1/public/amsfonts
/cm/cmsy9.pfb></usr/share/texlive/texmf-dist/fonts/type1/public/amsfonts/symbol
s/msbm10.pfb></usr/share/texlive/texmf-dist/fonts/type1/urw/courier/ucrb8a.pfb>
</usr/share/texlive/texmf-dist/fonts/type1/urw/courier/ucrr8a.pfb></usr/share/t
exlive/texmf-dist/fonts/type1/urw/courier/ucrro8a.pfb></usr/share/texlive/texmf
-dist/fonts/type1/urw/helvetic/uhvb8a.pfb></usr/share/texlive/texmf-dist/fonts/
type1/urw/helvetic/uhvb8ac.pfb></usr/share/texlive/texmf-dist/fonts/type1/urw/h
elvetic/uhvr8a.pfb></usr/share/texlive/texmf-dist/fonts/type1/urw/helvetic/uhvr
o8a.pfb>
Output written on refman.pdf (73 pages, 659802 bytes).
PDF statistics:
 2277 PDF objects out of 2487 (max. 8388607)
 1997 compressed objects within 20 object streams
 578 named destinations out of 1000 (max. 500000)
 1024 words of extra memory for PDF output out of 10000 (max. 10000000)

