\BOOKMARK [1][-]{section.1}{\376\377\0001\000\040\000G\000e\000n\000e\000r\000a\000l\000\040\000I\000n\000f\000o\000r\000m\000a\000t\000i\000o\000n}{}% 1
\BOOKMARK [2][-]{subsection.1.1}{\376\377\0001\000.\0001\000\040\000I\000n\000t\000r\000o\000d\000u\000c\000t\000i\000o\000n}{section.1}% 2
\BOOKMARK [2][-]{subsection.1.2}{\376\377\0001\000.\0002\000\040\000R\000e\000q\000u\000i\000r\000e\000m\000e\000n\000t\000s}{section.1}% 3
\BOOKMARK [2][-]{subsection.1.3}{\376\377\0001\000.\0003\000\040\000I\000n\000s\000t\000a\000l\000l\000a\000t\000i\000o\000n}{section.1}% 4
\BOOKMARK [2][-]{subsection.1.4}{\376\377\0001\000.\0004\000\040\000D\000o\000c\000u\000m\000e\000n\000t\000a\000t\000i\000o\000n}{section.1}% 5
\BOOKMARK [2][-]{subsection.1.5}{\376\377\0001\000.\0005\000\040\000F\000u\000t\000u\000r\000e\000\040\000U\000p\000d\000a\000t\000e\000\040\000P\000l\000a\000n\000s}{section.1}% 6
\BOOKMARK [1][-]{section.2}{\376\377\0002\000\040\000T\000h\000e\000\040\000M\000a\000t\000h}{}% 7
\BOOKMARK [2][-]{subsection.2.1}{\376\377\0002\000.\0001\000\040\000S\000y\000m\000m\000e\000t\000r\000i\000c\000\040\000p\000o\000l\000y\000n\000o\000m\000i\000a\000l\000s}{section.2}% 8
\BOOKMARK [2][-]{subsection.2.2}{\376\377\0002\000.\0002\000\040\000S\000y\000m\000m\000e\000t\000r\000i\000c\000\040\000p\000o\000l\000y\000n\000o\000m\000i\000a\000l\000s\000\040\000w\000i\000t\000h\000\040\000\047\000h\000a\000l\000f\000\040\000i\000d\000e\000m\000p\000o\000t\000e\000n\000t\000\047\000\040\000r\000e\000l\000a\000t\000i\000o\000n\000s}{section.2}% 9
\BOOKMARK [1][-]{section.3}{\376\377\0003\000\040\000H\000o\000w\000\040\000t\000o\000\040\000U\000s\000e}{}% 10
\BOOKMARK [2][-]{subsection.3.1}{\376\377\0003\000.\0001\000\040\000Q\000u\000i\000c\000k\000\040\000D\000e\000m\000o\000n\000s\000t\000r\000a\000t\000i\000o\000n}{section.3}% 11
\BOOKMARK [2][-]{subsection.3.2}{\376\377\0003\000.\0002\000\040\000C\000o\000d\000e\000\040\000e\000x\000a\000m\000p\000l\000e\000s}{section.3}% 12
\BOOKMARK [3][-]{subsubsection.3.2.1}{\376\377\0003\000.\0002\000.\0001\000\040\000N\000a\000m\000e\000s\000p\000a\000c\000e\000s}{subsection.3.2}% 13
\BOOKMARK [3][-]{subsubsection.3.2.2}{\376\377\0003\000.\0002\000.\0002\000\040\000P\000o\000l\000y\000n\000o\000m\000i\000a\000l\000s}{subsection.3.2}% 14
\BOOKMARK [3][-]{subsubsection.3.2.3}{\376\377\0003\000.\0002\000.\0003\000\040\000S\000y\000m\000m\000e\000t\000r\000i\000c\000\040\000B\000a\000s\000i\000s}{subsection.3.2}% 15
\BOOKMARK [3][-]{subsubsection.3.2.4}{\376\377\0003\000.\0002\000.\0004\000\040\000T\000w\000i\000s\000t\000e\000d\000\040\000C\000h\000e\000r\000n\000\040\000B\000a\000s\000i\000s}{subsection.3.2}% 16
\BOOKMARK [1][-]{section.4}{\376\377\0004\000\040\000T\000o\000d\000o\000\040\000L\000i\000s\000t}{}% 17
\BOOKMARK [1][-]{section.5}{\376\377\0005\000\040\000N\000a\000m\000e\000s\000p\000a\000c\000e\000\040\000I\000n\000d\000e\000x}{}% 18
\BOOKMARK [2][-]{subsection.5.1}{\376\377\0005\000.\0001\000\040\000N\000a\000m\000e\000s\000p\000a\000c\000e\000\040\000L\000i\000s\000t}{section.5}% 19
\BOOKMARK [1][-]{section.6}{\376\377\0006\000\040\000H\000i\000e\000r\000a\000r\000c\000h\000i\000c\000a\000l\000\040\000I\000n\000d\000e\000x}{}% 20
\BOOKMARK [2][-]{subsection.6.1}{\376\377\0006\000.\0001\000\040\000C\000l\000a\000s\000s\000\040\000H\000i\000e\000r\000a\000r\000c\000h\000y}{section.6}% 21
\BOOKMARK [1][-]{section.7}{\376\377\0007\000\040\000C\000l\000a\000s\000s\000\040\000I\000n\000d\000e\000x}{}% 22
\BOOKMARK [2][-]{subsection.7.1}{\376\377\0007\000.\0001\000\040\000C\000l\000a\000s\000s\000\040\000L\000i\000s\000t}{section.7}% 23
\BOOKMARK [1][-]{section.8}{\376\377\0008\000\040\000F\000i\000l\000e\000\040\000I\000n\000d\000e\000x}{}% 24
\BOOKMARK [2][-]{subsection.8.1}{\376\377\0008\000.\0001\000\040\000F\000i\000l\000e\000\040\000L\000i\000s\000t}{section.8}% 25
\BOOKMARK [1][-]{section.9}{\376\377\0009\000\040\000N\000a\000m\000e\000s\000p\000a\000c\000e\000\040\000D\000o\000c\000u\000m\000e\000n\000t\000a\000t\000i\000o\000n}{}% 26
\BOOKMARK [2][-]{subsection.9.1}{\376\377\0009\000.\0001\000\040\000s\000y\000m\000m\000p\000\040\000N\000a\000m\000e\000s\000p\000a\000c\000e\000\040\000R\000e\000f\000e\000r\000e\000n\000c\000e}{section.9}% 27
\BOOKMARK [3][-]{subsubsection.9.1.1}{\376\377\0009\000.\0001\000.\0001\000\040\000D\000e\000t\000a\000i\000l\000e\000d\000\040\000D\000e\000s\000c\000r\000i\000p\000t\000i\000o\000n}{subsection.9.1}% 28
\BOOKMARK [3][-]{subsubsection.9.1.2}{\376\377\0009\000.\0001\000.\0002\000\040\000T\000y\000p\000e\000d\000e\000f\000\040\000D\000o\000c\000u\000m\000e\000n\000t\000a\000t\000i\000o\000n}{subsection.9.1}% 29
\BOOKMARK [3][-]{subsubsection.9.1.3}{\376\377\0009\000.\0001\000.\0003\000\040\000F\000u\000n\000c\000t\000i\000o\000n\000\040\000D\000o\000c\000u\000m\000e\000n\000t\000a\000t\000i\000o\000n}{subsection.9.1}% 30
\BOOKMARK [1][-]{section.10}{\376\377\0001\0000\000\040\000C\000l\000a\000s\000s\000\040\000D\000o\000c\000u\000m\000e\000n\000t\000a\000t\000i\000o\000n}{}% 31
\BOOKMARK [2][-]{subsection.10.1}{\376\377\0001\0000\000.\0001\000\040\000A\000r\000r\000a\000y\000V\000e\000c\000t\000o\000r\000W\000r\000a\000p\000p\000e\000r\000<\000\040\000T\000,\000\040\000N\000\040\000>\000\040\000S\000t\000r\000u\000c\000t\000\040\000T\000e\000m\000p\000l\000a\000t\000e\000\040\000R\000e\000f\000e\000r\000e\000n\000c\000e}{section.10}% 32
\BOOKMARK [3][-]{subsubsection.10.1.1}{\376\377\0001\0000\000.\0001\000.\0001\000\040\000D\000e\000t\000a\000i\000l\000e\000d\000\040\000D\000e\000s\000c\000r\000i\000p\000t\000i\000o\000n}{subsection.10.1}% 33
\BOOKMARK [2][-]{subsection.10.2}{\376\377\0001\0000\000.\0002\000\040\000C\000o\000m\000b\000i\000n\000a\000t\000i\000o\000n\000G\000e\000n\000e\000r\000a\000t\000o\000r\000<\000\040\000T\000\040\000>\000\040\000C\000l\000a\000s\000s\000\040\000T\000e\000m\000p\000l\000a\000t\000e\000\040\000R\000e\000f\000e\000r\000e\000n\000c\000e}{section.10}% 34
\BOOKMARK [3][-]{subsubsection.10.2.1}{\376\377\0001\0000\000.\0002\000.\0001\000\040\000D\000e\000t\000a\000i\000l\000e\000d\000\040\000D\000e\000s\000c\000r\000i\000p\000t\000i\000o\000n}{subsection.10.2}% 35
\BOOKMARK [3][-]{subsubsection.10.2.2}{\376\377\0001\0000\000.\0002\000.\0002\000\040\000C\000o\000n\000s\000t\000r\000u\000c\000t\000o\000r\000\040\000\046\000\040\000D\000e\000s\000t\000r\000u\000c\000t\000o\000r\000\040\000D\000o\000c\000u\000m\000e\000n\000t\000a\000t\000i\000o\000n}{subsection.10.2}% 36
\BOOKMARK [3][-]{subsubsection.10.2.3}{\376\377\0001\0000\000.\0002\000.\0003\000\040\000M\000e\000m\000b\000e\000r\000\040\000F\000u\000n\000c\000t\000i\000o\000n\000\040\000D\000o\000c\000u\000m\000e\000n\000t\000a\000t\000i\000o\000n}{subsection.10.2}% 37
\BOOKMARK [2][-]{subsection.10.3}{\376\377\0001\0000\000.\0003\000\040\000P\000e\000r\000m\000u\000t\000a\000t\000i\000o\000n\000G\000e\000n\000e\000r\000a\000t\000o\000r\000<\000\040\000T\000\040\000>\000:\000:\000c\000o\000n\000s\000t\000I\000t\000e\000r\000a\000t\000o\000r\000\040\000C\000l\000a\000s\000s\000\040\000R\000e\000f\000e\000r\000e\000n\000c\000e}{section.10}% 38
\BOOKMARK [3][-]{subsubsection.10.3.1}{\376\377\0001\0000\000.\0003\000.\0001\000\040\000D\000e\000t\000a\000i\000l\000e\000d\000\040\000D\000e\000s\000c\000r\000i\000p\000t\000i\000o\000n}{subsection.10.3}% 39
\BOOKMARK [3][-]{subsubsection.10.3.2}{\376\377\0001\0000\000.\0003\000.\0002\000\040\000F\000r\000i\000e\000n\000d\000s\000\040\000A\000n\000d\000\040\000R\000e\000l\000a\000t\000e\000d\000\040\000F\000u\000n\000c\000t\000i\000o\000n\000\040\000D\000o\000c\000u\000m\000e\000n\000t\000a\000t\000i\000o\000n}{subsection.10.3}% 40
\BOOKMARK [2][-]{subsection.10.4}{\376\377\0001\0000\000.\0004\000\040\000C\000o\000m\000b\000i\000n\000a\000t\000i\000o\000n\000G\000e\000n\000e\000r\000a\000t\000o\000r\000<\000\040\000T\000\040\000>\000:\000:\000c\000o\000n\000s\000t\000I\000t\000e\000r\000a\000t\000o\000r\000\040\000C\000l\000a\000s\000s\000\040\000R\000e\000f\000e\000r\000e\000n\000c\000e}{section.10}% 41
\BOOKMARK [3][-]{subsubsection.10.4.1}{\376\377\0001\0000\000.\0004\000.\0001\000\040\000D\000e\000t\000a\000i\000l\000e\000d\000\040\000D\000e\000s\000c\000r\000i\000p\000t\000i\000o\000n}{subsection.10.4}% 42
\BOOKMARK [3][-]{subsubsection.10.4.2}{\376\377\0001\0000\000.\0004\000.\0002\000\040\000F\000r\000i\000e\000n\000d\000s\000\040\000A\000n\000d\000\040\000R\000e\000l\000a\000t\000e\000d\000\040\000F\000u\000n\000c\000t\000i\000o\000n\000\040\000D\000o\000c\000u\000m\000e\000n\000t\000a\000t\000i\000o\000n}{subsection.10.4}% 43
\BOOKMARK [2][-]{subsection.10.5}{\376\377\0001\0000\000.\0005\000\040\000P\000o\000l\000y\000n\000o\000m\000i\000a\000l\000<\000\040\000\137\000s\000c\000l\000,\000\040\000\137\000e\000x\000p\000,\000\040\000\137\000c\000o\000n\000t\000a\000i\000n\000e\000r\000,\000\040\000c\000o\000n\000t\000a\000i\000n\000e\000r\000\137\000i\000s\000\137\000o\000r\000d\000e\000r\000e\000d\000,\000\040\000\137\000A\000r\000g\000s\000\040\000>\000:\000:\000c\000o\000n\000s\000t\000I\000t\000e\000r\000a\000t\000o\000r\000\040\000C\000l\000a\000s\000s\000\040\000R\000e\000f\000e\000r\000e\000n\000c\000e}{section.10}% 44
\BOOKMARK [3][-]{subsubsection.10.5.1}{\376\377\0001\0000\000.\0005\000.\0001\000\040\000D\000e\000t\000a\000i\000l\000e\000d\000\040\000D\000e\000s\000c\000r\000i\000p\000t\000i\000o\000n}{subsection.10.5}% 45
\BOOKMARK [3][-]{subsubsection.10.5.2}{\376\377\0001\0000\000.\0005\000.\0002\000\040\000M\000e\000m\000b\000e\000r\000\040\000F\000u\000n\000c\000t\000i\000o\000n\000\040\000D\000o\000c\000u\000m\000e\000n\000t\000a\000t\000i\000o\000n}{subsection.10.5}% 46
\BOOKMARK [3][-]{subsubsection.10.5.3}{\376\377\0001\0000\000.\0005\000.\0003\000\040\000F\000r\000i\000e\000n\000d\000s\000\040\000A\000n\000d\000\040\000R\000e\000l\000a\000t\000e\000d\000\040\000F\000u\000n\000c\000t\000i\000o\000n\000\040\000D\000o\000c\000u\000m\000e\000n\000t\000a\000t\000i\000o\000n}{subsection.10.5}% 47
\BOOKMARK [2][-]{subsection.10.6}{\376\377\0001\0000\000.\0006\000\040\000E\000l\000e\000m\000e\000n\000t\000a\000r\000y\000S\000y\000m\000m\000e\000t\000r\000i\000c\000V\000a\000r\000i\000a\000b\000l\000e\000s\000<\000\040\000T\000,\000\040\000\137\000d\000e\000g\000\040\000>\000\040\000S\000t\000r\000u\000c\000t\000\040\000T\000e\000m\000p\000l\000a\000t\000e\000\040\000R\000e\000f\000e\000r\000e\000n\000c\000e}{section.10}% 48
\BOOKMARK [3][-]{subsubsection.10.6.1}{\376\377\0001\0000\000.\0006\000.\0001\000\040\000D\000e\000t\000a\000i\000l\000e\000d\000\040\000D\000e\000s\000c\000r\000i\000p\000t\000i\000o\000n}{subsection.10.6}% 49
\BOOKMARK [3][-]{subsubsection.10.6.2}{\376\377\0001\0000\000.\0006\000.\0002\000\040\000M\000e\000m\000b\000e\000r\000\040\000T\000y\000p\000e\000d\000e\000f\000\040\000D\000o\000c\000u\000m\000e\000n\000t\000a\000t\000i\000o\000n}{subsection.10.6}% 50
\BOOKMARK [3][-]{subsubsection.10.6.3}{\376\377\0001\0000\000.\0006\000.\0003\000\040\000M\000e\000m\000b\000e\000r\000\040\000F\000u\000n\000c\000t\000i\000o\000n\000\040\000D\000o\000c\000u\000m\000e\000n\000t\000a\000t\000i\000o\000n}{subsection.10.6}% 51
\BOOKMARK [2][-]{subsection.10.7}{\376\377\0001\0000\000.\0007\000\040\000F\000a\000c\000t\000o\000r\000y\000G\000e\000n\000e\000r\000a\000t\000o\000r\000<\000\040\000s\000p\000e\000c\000\137\000t\000,\000\040\000g\000e\000n\000\137\000t\000\040\000>\000\040\000C\000l\000a\000s\000s\000\040\000T\000e\000m\000p\000l\000a\000t\000e\000\040\000R\000e\000f\000e\000r\000e\000n\000c\000e}{section.10}% 52
\BOOKMARK [3][-]{subsubsection.10.7.1}{\376\377\0001\0000\000.\0007\000.\0001\000\040\000D\000e\000t\000a\000i\000l\000e\000d\000\040\000D\000e\000s\000c\000r\000i\000p\000t\000i\000o\000n}{subsection.10.7}% 53
\BOOKMARK [3][-]{subsubsection.10.7.2}{\376\377\0001\0000\000.\0007\000.\0002\000\040\000M\000e\000m\000b\000e\000r\000\040\000F\000u\000n\000c\000t\000i\000o\000n\000\040\000D\000o\000c\000u\000m\000e\000n\000t\000a\000t\000i\000o\000n}{subsection.10.7}% 54
\BOOKMARK [3][-]{subsubsection.10.7.3}{\376\377\0001\0000\000.\0007\000.\0003\000\040\000M\000e\000m\000b\000e\000r\000\040\000D\000a\000t\000a\000\040\000D\000o\000c\000u\000m\000e\000n\000t\000a\000t\000i\000o\000n}{subsection.10.7}% 55
\BOOKMARK [2][-]{subsection.10.8}{\376\377\0001\0000\000.\0008\000\040\000H\000a\000l\000f\000I\000d\000e\000m\000p\000o\000t\000e\000n\000t\000V\000a\000r\000i\000a\000b\000l\000e\000s\000<\000\040\000T\000,\000\040\000\137\000d\000e\000g\000,\000\040\000N\000\040\000>\000\040\000S\000t\000r\000u\000c\000t\000\040\000T\000e\000m\000p\000l\000a\000t\000e\000\040\000R\000e\000f\000e\000r\000e\000n\000c\000e}{section.10}% 56
\BOOKMARK [3][-]{subsubsection.10.8.1}{\376\377\0001\0000\000.\0008\000.\0001\000\040\000D\000e\000t\000a\000i\000l\000e\000d\000\040\000D\000e\000s\000c\000r\000i\000p\000t\000i\000o\000n}{subsection.10.8}% 57
\BOOKMARK [3][-]{subsubsection.10.8.2}{\376\377\0001\0000\000.\0008\000.\0002\000\040\000M\000e\000m\000b\000e\000r\000\040\000T\000y\000p\000e\000d\000e\000f\000\040\000D\000o\000c\000u\000m\000e\000n\000t\000a\000t\000i\000o\000n}{subsection.10.8}% 58
\BOOKMARK [3][-]{subsubsection.10.8.3}{\376\377\0001\0000\000.\0008\000.\0003\000\040\000M\000e\000m\000b\000e\000r\000\040\000F\000u\000n\000c\000t\000i\000o\000n\000\040\000D\000o\000c\000u\000m\000e\000n\000t\000a\000t\000i\000o\000n}{subsection.10.8}% 59
\BOOKMARK [2][-]{subsection.10.9}{\376\377\0001\0000\000.\0009\000\040\000P\000e\000r\000m\000u\000t\000a\000t\000i\000o\000n\000G\000e\000n\000e\000r\000a\000t\000o\000r\000<\000\040\000T\000\040\000>\000\040\000C\000l\000a\000s\000s\000\040\000T\000e\000m\000p\000l\000a\000t\000e\000\040\000R\000e\000f\000e\000r\000e\000n\000c\000e}{section.10}% 60
\BOOKMARK [3][-]{subsubsection.10.9.1}{\376\377\0001\0000\000.\0009\000.\0001\000\040\000D\000e\000t\000a\000i\000l\000e\000d\000\040\000D\000e\000s\000c\000r\000i\000p\000t\000i\000o\000n}{subsection.10.9}% 61
\BOOKMARK [3][-]{subsubsection.10.9.2}{\376\377\0001\0000\000.\0009\000.\0002\000\040\000C\000o\000n\000s\000t\000r\000u\000c\000t\000o\000r\000\040\000\046\000\040\000D\000e\000s\000t\000r\000u\000c\000t\000o\000r\000\040\000D\000o\000c\000u\000m\000e\000n\000t\000a\000t\000i\000o\000n}{subsection.10.9}% 62
\BOOKMARK [3][-]{subsubsection.10.9.3}{\376\377\0001\0000\000.\0009\000.\0003\000\040\000M\000e\000m\000b\000e\000r\000\040\000F\000u\000n\000c\000t\000i\000o\000n\000\040\000D\000o\000c\000u\000m\000e\000n\000t\000a\000t\000i\000o\000n}{subsection.10.9}% 63
\BOOKMARK [2][-]{subsection.10.10}{\376\377\0001\0000\000.\0001\0000\000\040\000P\000o\000l\000y\000n\000o\000m\000i\000a\000l\000<\000\040\000\137\000s\000c\000l\000,\000\040\000\137\000e\000x\000p\000,\000\040\000\137\000c\000o\000n\000t\000a\000i\000n\000e\000r\000,\000\040\000c\000o\000n\000t\000a\000i\000n\000e\000r\000\137\000i\000s\000\137\000o\000r\000d\000e\000r\000e\000d\000,\000\040\000\137\000A\000r\000g\000s\000\040\000>\000\040\000C\000l\000a\000s\000s\000\040\000T\000e\000m\000p\000l\000a\000t\000e\000\040\000R\000e\000f\000e\000r\000e\000n\000c\000e}{section.10}% 64
\BOOKMARK [3][-]{subsubsection.10.10.1}{\376\377\0001\0000\000.\0001\0000\000.\0001\000\040\000D\000e\000t\000a\000i\000l\000e\000d\000\040\000D\000e\000s\000c\000r\000i\000p\000t\000i\000o\000n}{subsection.10.10}% 65
\BOOKMARK [3][-]{subsubsection.10.10.2}{\376\377\0001\0000\000.\0001\0000\000.\0002\000\040\000M\000e\000m\000b\000e\000r\000\040\000T\000y\000p\000e\000d\000e\000f\000\040\000D\000o\000c\000u\000m\000e\000n\000t\000a\000t\000i\000o\000n}{subsection.10.10}% 66
\BOOKMARK [3][-]{subsubsection.10.10.3}{\376\377\0001\0000\000.\0001\0000\000.\0003\000\040\000C\000o\000n\000s\000t\000r\000u\000c\000t\000o\000r\000\040\000\046\000\040\000D\000e\000s\000t\000r\000u\000c\000t\000o\000r\000\040\000D\000o\000c\000u\000m\000e\000n\000t\000a\000t\000i\000o\000n}{subsection.10.10}% 67
\BOOKMARK [3][-]{subsubsection.10.10.4}{\376\377\0001\0000\000.\0001\0000\000.\0004\000\040\000M\000e\000m\000b\000e\000r\000\040\000F\000u\000n\000c\000t\000i\000o\000n\000\040\000D\000o\000c\000u\000m\000e\000n\000t\000a\000t\000i\000o\000n}{subsection.10.10}% 68
\BOOKMARK [2][-]{subsection.10.11}{\376\377\0001\0000\000.\0001\0001\000\040\000P\000o\000l\000y\000n\000o\000m\000i\000a\000l\000B\000a\000s\000i\000s\000<\000\040\000s\000p\000e\000c\000\137\000t\000,\000\040\000o\000r\000i\000g\000\137\000p\000o\000l\000y\000\137\000t\000,\000\040\000n\000e\000w\000\137\000p\000o\000l\000y\000\137\000t\000\040\000>\000\040\000C\000l\000a\000s\000s\000\040\000T\000e\000m\000p\000l\000a\000t\000e\000\040\000R\000e\000f\000e\000r\000e\000n\000c\000e}{section.10}% 69
\BOOKMARK [3][-]{subsubsection.10.11.1}{\376\377\0001\0000\000.\0001\0001\000.\0001\000\040\000D\000e\000t\000a\000i\000l\000e\000d\000\040\000D\000e\000s\000c\000r\000i\000p\000t\000i\000o\000n}{subsection.10.11}% 70
\BOOKMARK [3][-]{subsubsection.10.11.2}{\376\377\0001\0000\000.\0001\0001\000.\0002\000\040\000C\000o\000n\000s\000t\000r\000u\000c\000t\000o\000r\000\040\000\046\000\040\000D\000e\000s\000t\000r\000u\000c\000t\000o\000r\000\040\000D\000o\000c\000u\000m\000e\000n\000t\000a\000t\000i\000o\000n}{subsection.10.11}% 71
\BOOKMARK [3][-]{subsubsection.10.11.3}{\376\377\0001\0000\000.\0001\0001\000.\0003\000\040\000M\000e\000m\000b\000e\000r\000\040\000F\000u\000n\000c\000t\000i\000o\000n\000\040\000D\000o\000c\000u\000m\000e\000n\000t\000a\000t\000i\000o\000n}{subsection.10.11}% 72
\BOOKMARK [3][-]{subsubsection.10.11.4}{\376\377\0001\0000\000.\0001\0001\000.\0004\000\040\000M\000e\000m\000b\000e\000r\000\040\000D\000a\000t\000a\000\040\000D\000o\000c\000u\000m\000e\000n\000t\000a\000t\000i\000o\000n}{subsection.10.11}% 73
\BOOKMARK [2][-]{subsection.10.12}{\376\377\0001\0000\000.\0001\0002\000\040\000S\000t\000a\000n\000d\000a\000r\000d\000V\000a\000r\000i\000a\000b\000l\000e\000s\000<\000\040\000T\000,\000\040\000\137\000d\000e\000g\000\040\000>\000\040\000S\000t\000r\000u\000c\000t\000\040\000T\000e\000m\000p\000l\000a\000t\000e\000\040\000R\000e\000f\000e\000r\000e\000n\000c\000e}{section.10}% 74
\BOOKMARK [3][-]{subsubsection.10.12.1}{\376\377\0001\0000\000.\0001\0002\000.\0001\000\040\000D\000e\000t\000a\000i\000l\000e\000d\000\040\000D\000e\000s\000c\000r\000i\000p\000t\000i\000o\000n}{subsection.10.12}% 75
\BOOKMARK [3][-]{subsubsection.10.12.2}{\376\377\0001\0000\000.\0001\0002\000.\0002\000\040\000M\000e\000m\000b\000e\000r\000\040\000T\000y\000p\000e\000d\000e\000f\000\040\000D\000o\000c\000u\000m\000e\000n\000t\000a\000t\000i\000o\000n}{subsection.10.12}% 76
\BOOKMARK [3][-]{subsubsection.10.12.3}{\376\377\0001\0000\000.\0001\0002\000.\0003\000\040\000M\000e\000m\000b\000e\000r\000\040\000F\000u\000n\000c\000t\000i\000o\000n\000\040\000D\000o\000c\000u\000m\000e\000n\000t\000a\000t\000i\000o\000n}{subsection.10.12}% 77
\BOOKMARK [2][-]{subsection.10.13}{\376\377\0001\0000\000.\0001\0003\000\040\000S\000y\000m\000m\000e\000t\000r\000i\000c\000B\000a\000s\000i\000s\000<\000\040\000x\000\137\000p\000o\000l\000y\000\137\000t\000,\000\040\000e\000\137\000p\000o\000l\000y\000\137\000t\000\040\000>\000\040\000C\000l\000a\000s\000s\000\040\000T\000e\000m\000p\000l\000a\000t\000e\000\040\000R\000e\000f\000e\000r\000e\000n\000c\000e}{section.10}% 78
\BOOKMARK [3][-]{subsubsection.10.13.1}{\376\377\0001\0000\000.\0001\0003\000.\0001\000\040\000D\000e\000t\000a\000i\000l\000e\000d\000\040\000D\000e\000s\000c\000r\000i\000p\000t\000i\000o\000n}{subsection.10.13}% 79
\BOOKMARK [3][-]{subsubsection.10.13.2}{\376\377\0001\0000\000.\0001\0003\000.\0002\000\040\000C\000o\000n\000s\000t\000r\000u\000c\000t\000o\000r\000\040\000\046\000\040\000D\000e\000s\000t\000r\000u\000c\000t\000o\000r\000\040\000D\000o\000c\000u\000m\000e\000n\000t\000a\000t\000i\000o\000n}{subsection.10.13}% 80
\BOOKMARK [3][-]{subsubsection.10.13.3}{\376\377\0001\0000\000.\0001\0003\000.\0003\000\040\000F\000r\000i\000e\000n\000d\000s\000\040\000A\000n\000d\000\040\000R\000e\000l\000a\000t\000e\000d\000\040\000F\000u\000n\000c\000t\000i\000o\000n\000\040\000D\000o\000c\000u\000m\000e\000n\000t\000a\000t\000i\000o\000n}{subsection.10.13}% 81
\BOOKMARK [2][-]{subsection.10.14}{\376\377\0001\0000\000.\0001\0004\000\040\000T\000w\000i\000s\000t\000e\000d\000C\000h\000e\000r\000n\000B\000a\000s\000i\000s\000<\000\040\000\137\000x\000y\000\137\000p\000o\000l\000y\000\137\000t\000,\000\040\000\137\000c\000h\000e\000r\000n\000\137\000p\000o\000l\000y\000\137\000t\000\040\000>\000\040\000C\000l\000a\000s\000s\000\040\000T\000e\000m\000p\000l\000a\000t\000e\000\040\000R\000e\000f\000e\000r\000e\000n\000c\000e}{section.10}% 82
\BOOKMARK [3][-]{subsubsection.10.14.1}{\376\377\0001\0000\000.\0001\0004\000.\0001\000\040\000D\000e\000t\000a\000i\000l\000e\000d\000\040\000D\000e\000s\000c\000r\000i\000p\000t\000i\000o\000n}{subsection.10.14}% 83
\BOOKMARK [3][-]{subsubsection.10.14.2}{\376\377\0001\0000\000.\0001\0004\000.\0002\000\040\000C\000o\000n\000s\000t\000r\000u\000c\000t\000o\000r\000\040\000\046\000\040\000D\000e\000s\000t\000r\000u\000c\000t\000o\000r\000\040\000D\000o\000c\000u\000m\000e\000n\000t\000a\000t\000i\000o\000n}{subsection.10.14}% 84
\BOOKMARK [3][-]{subsubsection.10.14.3}{\376\377\0001\0000\000.\0001\0004\000.\0003\000\040\000M\000e\000m\000b\000e\000r\000\040\000F\000u\000n\000c\000t\000i\000o\000n\000\040\000D\000o\000c\000u\000m\000e\000n\000t\000a\000t\000i\000o\000n}{subsection.10.14}% 85
\BOOKMARK [3][-]{subsubsection.10.14.4}{\376\377\0001\0000\000.\0001\0004\000.\0004\000\040\000F\000r\000i\000e\000n\000d\000s\000\040\000A\000n\000d\000\040\000R\000e\000l\000a\000t\000e\000d\000\040\000F\000u\000n\000c\000t\000i\000o\000n\000\040\000D\000o\000c\000u\000m\000e\000n\000t\000a\000t\000i\000o\000n}{subsection.10.14}% 86
\BOOKMARK [2][-]{subsection.10.15}{\376\377\0001\0000\000.\0001\0005\000\040\000T\000w\000i\000s\000t\000e\000d\000C\000h\000e\000r\000n\000V\000a\000r\000i\000a\000b\000l\000e\000s\000<\000\040\000T\000,\000\040\000\137\000d\000e\000g\000\040\000>\000\040\000S\000t\000r\000u\000c\000t\000\040\000T\000e\000m\000p\000l\000a\000t\000e\000\040\000R\000e\000f\000e\000r\000e\000n\000c\000e}{section.10}% 87
\BOOKMARK [3][-]{subsubsection.10.15.1}{\376\377\0001\0000\000.\0001\0005\000.\0001\000\040\000D\000e\000t\000a\000i\000l\000e\000d\000\040\000D\000e\000s\000c\000r\000i\000p\000t\000i\000o\000n}{subsection.10.15}% 88
\BOOKMARK [3][-]{subsubsection.10.15.2}{\376\377\0001\0000\000.\0001\0005\000.\0002\000\040\000M\000e\000m\000b\000e\000r\000\040\000T\000y\000p\000e\000d\000e\000f\000\040\000D\000o\000c\000u\000m\000e\000n\000t\000a\000t\000i\000o\000n}{subsection.10.15}% 89
\BOOKMARK [3][-]{subsubsection.10.15.3}{\376\377\0001\0000\000.\0001\0005\000.\0003\000\040\000M\000e\000m\000b\000e\000r\000\040\000F\000u\000n\000c\000t\000i\000o\000n\000\040\000D\000o\000c\000u\000m\000e\000n\000t\000a\000t\000i\000o\000n}{subsection.10.15}% 90
\BOOKMARK [1][-]{section.11}{\376\377\0001\0001\000\040\000F\000i\000l\000e\000\040\000D\000o\000c\000u\000m\000e\000n\000t\000a\000t\000i\000o\000n}{}% 91
\BOOKMARK [2][-]{subsection.11.1}{\376\377\0001\0001\000.\0001\000\040\000D\000e\000m\000o\000.\000c\000p\000p\000\040\000F\000i\000l\000e\000\040\000R\000e\000f\000e\000r\000e\000n\000c\000e}{section.11}% 92
\BOOKMARK [3][-]{subsubsection.11.1.1}{\376\377\0001\0001\000.\0001\000.\0001\000\040\000D\000e\000t\000a\000i\000l\000e\000d\000\040\000D\000e\000s\000c\000r\000i\000p\000t\000i\000o\000n}{subsection.11.1}% 93
\BOOKMARK [3][-]{subsubsection.11.1.2}{\376\377\0001\0001\000.\0001\000.\0002\000\040\000M\000a\000c\000r\000o\000\040\000D\000e\000f\000i\000n\000i\000t\000i\000o\000n\000\040\000D\000o\000c\000u\000m\000e\000n\000t\000a\000t\000i\000o\000n}{subsection.11.1}% 94
\BOOKMARK [3][-]{subsubsection.11.1.3}{\376\377\0001\0001\000.\0001\000.\0003\000\040\000F\000u\000n\000c\000t\000i\000o\000n\000\040\000D\000o\000c\000u\000m\000e\000n\000t\000a\000t\000i\000o\000n}{subsection.11.1}% 95
\BOOKMARK [2][-]{subsection.11.2}{\376\377\0001\0001\000.\0002\000\040\000G\000e\000n\000e\000r\000a\000l\000.\000h\000p\000p\000\040\000F\000i\000l\000e\000\040\000R\000e\000f\000e\000r\000e\000n\000c\000e}{section.11}% 96
\BOOKMARK [3][-]{subsubsection.11.2.1}{\376\377\0001\0001\000.\0002\000.\0001\000\040\000D\000e\000t\000a\000i\000l\000e\000d\000\040\000D\000e\000s\000c\000r\000i\000p\000t\000i\000o\000n}{subsection.11.2}% 97
\BOOKMARK [2][-]{subsection.11.3}{\376\377\0001\0001\000.\0003\000\040\000G\000e\000n\000e\000r\000a\000t\000o\000r\000s\000.\000h\000p\000p\000\040\000F\000i\000l\000e\000\040\000R\000e\000f\000e\000r\000e\000n\000c\000e}{section.11}% 98
\BOOKMARK [3][-]{subsubsection.11.3.1}{\376\377\0001\0001\000.\0003\000.\0001\000\040\000D\000e\000t\000a\000i\000l\000e\000d\000\040\000D\000e\000s\000c\000r\000i\000p\000t\000i\000o\000n}{subsection.11.3}% 99
\BOOKMARK [2][-]{subsection.11.4}{\376\377\0001\0001\000.\0004\000\040\000G\000u\000i\000d\000e\000.\000m\000d\000\040\000F\000i\000l\000e\000\040\000R\000e\000f\000e\000r\000e\000n\000c\000e}{section.11}% 100
\BOOKMARK [2][-]{subsection.11.5}{\376\377\0001\0001\000.\0005\000\040\000H\000a\000l\000f\000\137\000I\000d\000e\000m\000p\000o\000t\000e\000n\000t\000.\000h\000p\000p\000\040\000F\000i\000l\000e\000\040\000R\000e\000f\000e\000r\000e\000n\000c\000e}{section.11}% 101
\BOOKMARK [3][-]{subsubsection.11.5.1}{\376\377\0001\0001\000.\0005\000.\0001\000\040\000D\000e\000t\000a\000i\000l\000e\000d\000\040\000D\000e\000s\000c\000r\000i\000p\000t\000i\000o\000n}{subsection.11.5}% 102
\BOOKMARK [2][-]{subsection.11.6}{\376\377\0001\0001\000.\0006\000\040\000P\000o\000l\000y\000n\000o\000m\000i\000a\000l\000s\000.\000h\000p\000p\000\040\000F\000i\000l\000e\000\040\000R\000e\000f\000e\000r\000e\000n\000c\000e}{section.11}% 103
\BOOKMARK [3][-]{subsubsection.11.6.1}{\376\377\0001\0001\000.\0006\000.\0001\000\040\000D\000e\000t\000a\000i\000l\000e\000d\000\040\000D\000e\000s\000c\000r\000i\000p\000t\000i\000o\000n}{subsection.11.6}% 104
\BOOKMARK [2][-]{subsection.11.7}{\376\377\0001\0001\000.\0007\000\040\000S\000y\000m\000m\000e\000t\000r\000i\000c\000\137\000B\000a\000s\000i\000s\000.\000h\000p\000p\000\040\000F\000i\000l\000e\000\040\000R\000e\000f\000e\000r\000e\000n\000c\000e}{section.11}% 105
\BOOKMARK [3][-]{subsubsection.11.7.1}{\376\377\0001\0001\000.\0007\000.\0001\000\040\000D\000e\000t\000a\000i\000l\000e\000d\000\040\000D\000e\000s\000c\000r\000i\000p\000t\000i\000o\000n}{subsection.11.7}% 106
